*WEATHER MODULE DAILY OUTPUT FILE

*DSSAT Cropping System Model Ver. 4.8.2.000 -release  APR 17, 2025 20:30:48

*RUN   1        : F1 NE 4                   RICER048 CRDA1201    1
 MODEL          : RICER048 - Rice
 EXPERIMENT     : CRDA1201 WH ESSAI VARIETE DAROU PAKA 2012
 DATA PATH      :
 TREATMENT  1   : F1 NE 4                   RICER048
  
@YEAR DOY   DAS   PRED  DAYLD   TWLD   SRAD   PARD   CLDD   TMXD   TMND   TAVD   TDYD   TDWD   TGAD   TGRD   WDSD   CO2D   VPDF    VPD  OZON7   WDATE
 2012 153     1   10.8   12.0   12.9   24.6   49.2   0.08   42.7   25.8   33.9   36.6    7.5   33.9   36.6  295.0  393.6   0.00   0.00 -99.00 2012153
 2012 154     2    0.0   12.0   12.9   24.0   48.0   0.10   43.5   26.6   34.7   37.4    7.9   34.7   37.4  307.0  393.6   0.00   0.00 -99.00 2012154
 2012 155     3    0.0   12.0   12.9   20.8   41.6   0.22   43.7   27.7   35.4   38.0    6.7   35.4   38.0  223.0  393.6   0.00   0.00 -99.00 2012155
 2012 156     4    0.8   12.0   12.9   16.8   33.6   0.37   43.3   28.4   35.5   37.9   10.2   35.5   37.9  332.0  393.6   0.00   0.00 -99.00 2012156
 2012 157     5    9.3   12.0   12.9   18.6   37.2   0.30   42.2   27.6   34.6   37.0   10.3   34.6   37.0  360.0  393.6   0.00   0.00 -99.00 2012157
 2012 158     6    0.0   12.0   12.9   21.6   43.2   0.19   41.9   27.6   34.4   36.8   12.1   34.4   36.8  363.0  393.6   0.00   0.00 -99.00 2012158
 2012 159     7    0.0   12.0   12.9   24.7   49.4   0.07   39.7   28.8   34.0   35.8   16.3   34.0   35.8  238.0  393.6   0.00   0.00 -99.00 2012159
 2012 160     8    0.0   12.0   12.9   16.2   32.4   0.39   38.3   28.3   33.1   34.7   18.1   33.1   34.7  335.0  393.6   0.00   0.00 -99.00 2012160
 2012 161     9    0.0   12.0   12.9   23.6   47.2   0.12   38.8   28.4   33.4   35.1   16.7   33.4   35.1  270.0  393.6   0.00   0.00 -99.00 2012161
 2012 162    10    4.4   12.0   12.9   10.6   21.2   0.60   34.4   28.4   31.3   32.2   17.9   31.3   32.2  178.0  393.6   0.00   0.00 -99.00 2012162
 2012 163    11    0.0   12.0   12.9   25.1   50.2   0.06   34.1   27.3   30.6   31.7   19.0   30.6   31.7  202.0  393.6   0.00   0.00 -99.00 2012163
 2012 164    12    0.0   12.0   12.9   15.9   31.8   0.40   39.9   27.1   33.2   35.3   14.9   33.2   35.3  325.0  393.6   0.00   0.00 -99.00 2012164
 2012 165    13    0.0   12.0   12.9   19.8   39.6   0.26   40.2   26.4   33.0   35.2   13.2   33.0   35.2  358.0  393.6   0.00   0.00 -99.00 2012165
 2012 166    14    0.0   12.0   12.9   12.8   25.6   0.52   36.8   27.3   31.8   33.4   16.9   31.8   33.4  355.0  393.6   0.00   0.00 -99.00 2012166
 2012 167    15    0.0   12.0   12.9   23.5   47.0   0.12   36.2   27.7   31.8   33.1   18.1   31.8   33.1  380.0  393.8   0.00   0.00 -99.00 2012167
 2012 168    16    0.0   12.0   12.9   25.4   50.8   0.04   39.5   26.1   32.5   34.7   16.0   32.5   34.7  328.0  393.8   0.00   0.00 -99.00 2012168
 2012 169    17    8.6   12.0   12.9   24.6   49.2   0.07   41.3   26.4   33.5   35.9   12.3   33.5   35.9  382.0  393.8   0.00   0.00 -99.00 2012169
 2012 170    18    3.2   12.0   12.9   25.0   50.0   0.06   42.4   25.5   33.6   36.3    9.8   33.6   36.3  355.0  393.8   0.00   0.00 -99.00 2012170
 2012 171    19    0.0   12.0   12.9   19.1   38.2   0.28   38.9   24.7   31.5   33.8   11.8   31.5   33.8  383.0  393.8   0.00   0.00 -99.00 2012171
 2012 172    20    0.0   12.0   12.9   17.4   34.8   0.35   39.1   26.1   32.3   34.4   16.1   32.3   34.4  373.0  393.8   0.00   0.00 -99.00 2012172
 2012 173    21   10.0   12.0   12.9   24.2   48.4   0.09   35.6   25.6   30.4   32.0   18.4   30.4   32.0  235.0  393.8   0.00   0.00 -99.00 2012173
 2012 174    22    0.0   12.0   12.9   24.8   49.6   0.07   39.4   25.1   31.9   34.3   12.9   31.9   34.3  348.0  393.8   0.00   0.00 -99.00 2012174
 2012 175    23    0.0   12.0   12.9   19.0   38.0   0.29   39.6   24.3   31.6   34.1   13.8   31.6   34.1  315.0  393.8   0.00   0.00 -99.00 2012175
 2012 176    24    0.0   12.0   12.9   24.1   48.2   0.09   37.5   27.1   32.1   33.8   19.2   32.1   33.8  293.0  393.8   0.00   0.00 -99.00 2012176
 2012 177    25    0.0   12.0   12.9   14.4   28.8   0.46   29.3   25.7   27.4   28.0   23.0   27.4   28.0  188.0  393.8   0.00   0.00 -99.00 2012177
 2012 178    26    0.0   12.0   12.9   21.9   43.8   0.18   35.4   24.9   29.9   31.6   18.7   29.9   31.6  150.0  393.8   0.00   0.00 -99.00 2012178
 2012 179    27    0.0   12.0   12.9   25.6   51.2   0.04   32.0   25.6   28.7   29.7   21.4   28.7   29.7  227.0  393.8   0.00   0.00 -99.00 2012179
 2012 180    28    7.4   12.0   12.9   23.2   46.4   0.13   35.4   24.1   29.5   31.3   17.8   29.5   31.3  377.0  393.8   0.00   0.00 -99.00 2012180
 2012 181    29    7.0   12.0   12.9   22.0   44.0   0.17   34.8   24.6   29.5   31.1   17.9   29.5   31.1  319.0  393.8   0.00   0.00 -99.00 2012181
 2012 182    30    9.6   12.0   12.9   11.7   23.4   0.56   32.6   24.4   28.3   29.7   18.5   28.3   29.7  226.0  393.8   0.00   0.00 -99.00 2012182
 2012 183    31    8.8   12.0   12.9   22.7   45.4   0.15   33.4   25.2   29.1   30.5   19.6   29.1   30.5  184.0  393.8   0.00   0.00 -99.00 2012183
 2012 184    32    6.8   12.0   12.9   22.4   44.8   0.16   33.4   24.8   28.9   30.3   19.6   28.9   30.3  342.0  393.8   0.00   0.00 -99.00 2012184
 2012 185    33    7.9   12.0   12.9   23.3   46.6   0.13   35.1   23.4   29.0   30.9   16.4   29.0   30.9  377.0  393.8   0.00   0.00 -99.00 2012185
 2012 186    34    0.0   12.0   12.9   17.7   35.4   0.34   34.7   24.1   29.2   30.9   18.0   29.2   30.9  243.0  393.8   0.00   0.00 -99.00 2012186
 2012 187    35    0.0   12.0   12.9   23.0   46.0   0.14   31.7   25.3   28.4   29.4   20.4   28.4   29.4  141.0  393.8   0.00   0.00 -99.00 2012187
 2012 188    36    0.0   12.0   12.9   24.6   49.2   0.08   35.3   25.5   30.2   31.8   18.7   30.2   31.8  219.0  393.8   0.00   0.00 -99.00 2012188
 2012 189    37    0.0   12.0   12.9   24.7   49.4   0.08   38.9   25.2   31.8   34.0   17.3   31.8   34.0  384.0  393.8   0.00   0.00 -99.00 2012189
 2012 190    38    0.0   12.0   12.9   20.1   40.2   0.25   33.3   25.2   29.1   30.4   19.9   29.1   30.4  394.0  393.8   0.00   0.00 -99.00 2012190
 2012 191    39    0.0   12.0   12.9   20.7   41.4   0.23   31.6   25.5   28.4   29.4   21.9   28.4   29.4  318.0  393.8   0.00   0.00 -99.00 2012191
 2012 192    40    0.0   12.0   12.9   19.4   38.8   0.28   31.9   24.4   28.0   29.2   20.4   28.0   29.2  180.0  393.8   0.00   0.00 -99.00 2012192
 2012 193    41    0.0   12.0   12.9   19.9   39.8   0.26   33.0   25.2   28.9   30.2   20.6   28.9   30.2  125.0  393.8   0.00   0.00 -99.00 2012193
 2012 194    42    0.0   12.0   12.9   21.0   42.0   0.22   33.7   24.8   29.1   30.5   19.6   29.1   30.5  185.0  393.8   0.00   0.00 -99.00 2012194
 2012 195    43    0.0   12.0   12.9   24.1   48.2   0.10   35.1   25.1   29.9   31.5   19.7   29.9   31.5  355.0  393.8   0.00   0.00 -99.00 2012195
 2012 196    44    6.9   12.0   12.9   23.8   47.6   0.12   32.9   24.7   28.6   30.0   19.8   28.6   30.0  310.0  393.8   0.00   0.00 -99.00 2012196
 2012 197    45   15.5   12.0   12.9   21.0   42.0   0.22   33.2   25.2   29.0   30.3   19.8   29.0   30.3  203.0  394.1   0.00   0.00 -99.00 2012197
 2012 198    46    1.3   12.0   12.9   24.0   48.0   0.11   33.0   25.4   29.0   30.3   20.2   29.0   30.3  154.0  394.1   0.00   0.00 -99.00 2012198
 2012 199    47    0.0   12.0   12.9   20.7   41.4   0.23   31.5   25.7   28.5   29.4   21.9   28.5   29.4  205.0  394.1   0.00   0.00 -99.00 2012199
 2012 200    48   11.1   12.0   12.9   18.6   37.2   0.31   35.0   25.0   29.8   31.4   20.1   29.8   31.4  285.0  394.1   0.00   0.00 -99.00 2012200
 2012 201    49    1.1   12.0   12.9   22.3   44.6   0.18   36.0   24.6   30.1   31.9   18.6   30.1   31.9  215.0  394.1   0.00   0.00 -99.00 2012201
 2012 202    50    5.9   12.0   12.9   18.0   36.0   0.34   30.6   25.8   28.1   28.9   22.8   28.1   28.9  273.0  394.1   0.00   0.00 -99.00 2012202
 2012 203    51    0.0   12.0   12.9   21.7   43.4   0.20   35.2   25.3   30.0   31.6   19.7   30.0   31.6  373.0  394.1   0.00   0.00 -99.00 2012203
 2012 204    52    0.0   12.0   12.9   24.7   49.4   0.09   35.7   22.9   29.0   31.1   15.5   29.0   31.1  301.0  394.1   0.00   0.00 -99.00 2012204
 2012 205    53    0.0   12.0   12.9   23.7   47.4   0.13   33.8   22.6   28.0   29.8   16.6   28.0   29.8  254.0  394.1   0.00   0.00 -99.00 2012205
 2012 206    54    0.0   12.0   12.9   17.1   34.2   0.37   32.4   24.5   28.3   29.6   20.1   28.3   29.6  266.0  394.1   0.00   0.00 -99.00 2012206
 2012 207    55    0.0   12.0   12.9   21.7   43.4   0.21   33.5   24.2   28.6   30.2   20.0   28.6   30.2  258.0  394.1   0.00   0.00 -99.00 2012207
 2012 208    56    0.0   12.0   12.8   23.0   46.0   0.16   33.1   24.4   28.6   30.0   20.3   28.6   30.0  246.0  394.1   0.00   0.00 -99.00 2012208
 2012 209    57    0.0   12.0   12.8   19.5   39.0   0.29   31.7   24.8   28.1   29.2   21.1   28.1   29.2  249.0  394.1   0.00   0.00 -99.00 2012209
 2012 210    58    2.0   12.0   12.8   16.8   33.6   0.39   28.3   24.8   26.5   27.0   23.0   26.5   27.0  189.0  394.1   0.00   0.00 -99.00 2012210
 2012 211    59   14.6   12.0   12.8   16.6   33.2   0.40   31.1   24.1   27.4   28.6   21.4   27.4   28.6  230.0  394.1   0.00   0.00 -99.00 2012211
 2012 212    60    0.0   12.0   12.8    9.8   19.6   0.64   30.8   24.6   27.6   28.6   21.9   27.6   28.6  307.0  394.1   0.00   0.00 -99.00 2012212
 2012 213    61    0.0   12.0   12.8   21.9   43.8   0.21   31.5   24.3   27.7   28.9   21.3   27.7   28.9  167.0  394.1   0.00   0.00 -99.00 2012213
 2012 214    62    0.0   12.0   12.8   16.6   33.2   0.40   29.9   24.4   27.0   27.9   22.6   27.0   27.9  288.0  394.1   0.00   0.00 -99.00 2012214
 2012 215    63    0.0   12.0   12.8   22.7   45.4   0.18   31.1   23.5   27.1   28.4   20.8   27.1   28.4  253.0  394.1   0.00   0.00 -99.00 2012215
 2012 216    64    3.9   12.0   12.8   18.1   36.2   0.35   29.5   24.0   26.6   27.5   21.8   26.6   27.5  202.0  394.1   0.00   0.00 -99.00 2012216
 2012 217    65   20.2   12.0   12.8   17.8   35.6   0.36   31.6   24.2   27.7   28.9   21.0   27.7   28.9  129.0  394.1   0.00   0.00 -99.00 2012217
 2012 218    66   10.4   12.0   12.8   18.8   37.6   0.32   29.8   24.2   26.9   27.8   21.9   26.9   27.8  239.0  394.1   0.00   0.00 -99.00 2012218
 2012 219    67    0.0   12.0   12.8   19.8   39.6   0.29   30.2   23.0   26.4   27.6   20.7   26.4   27.6  251.0  394.1   0.00   0.00 -99.00 2012219
 2012 220    68    0.0   12.0   12.8   16.1   32.2   0.42   30.4   24.5   27.3   28.3   22.5   27.3   28.3  241.0  394.1   0.00   0.00 -99.00 2012220
 2012 221    69    7.6   12.0   12.8   24.0   48.0   0.14   31.6   24.2   27.7   28.9   21.5   27.7   28.9  105.0  394.1   0.00   0.00 -99.00 2012221
 2012 222    70   10.1   12.0   12.8   23.2   46.4   0.17   32.4   24.0   28.0   29.4   20.9   28.0   29.4  158.0  394.1   0.00   0.00 -99.00 2012222
 2012 223    71    6.4   12.0   12.8   24.6   49.2   0.12   32.4   23.8   27.9   29.3   20.2   27.9   29.3  229.0  394.1   0.00   0.00 -99.00 2012223
 2012 224    72    1.0   12.0   12.8   24.7   49.4   0.12   32.5   23.4   27.8   29.2   20.3   27.8   29.2  188.0  394.1   0.00   0.00 -99.00 2012224
 2012 225    73    9.9   12.0   12.8   19.0   38.0   0.32   29.5   24.2   26.7   27.6   22.4   26.7   27.6  162.0  394.1   0.00   0.00 -99.00 2012225
 2012 226    74    8.4   12.0   12.8   20.8   41.6   0.26   29.3   24.8   27.0   27.7   22.9   27.0   27.7  123.0  394.1   0.00   0.00 -99.00 2012226
 2012 227    75    0.0   12.0   12.8   15.3   30.6   0.46   30.4   24.2   27.2   28.2   21.9   27.2   28.2  131.0  394.1   0.00   0.00 -99.00 2012227
 2012 228    76    0.0   12.0   12.8   11.7   23.4   0.58   30.1   24.3   27.1   28.0   21.7   27.1   28.0  155.0  394.3   0.00   0.00 -99.00 2012228
 2012 229    77   22.2   12.0   12.8   15.7   31.4   0.44   29.6   24.3   26.8   27.7   22.7   26.8   27.7  182.0  394.3   0.00   0.00 -99.00 2012229
 2012 230    78    2.9   12.0   12.8   16.0   32.0   0.43   28.9   24.4   26.6   27.3   22.9   26.6   27.3  278.0  394.3   0.00   0.00 -99.00 2012230
 2012 231    79    0.0   12.0   12.8   16.9   33.8   0.40   28.1   23.8   25.9   26.6   22.5   25.9   26.6  258.0  394.3   0.00   0.00 -99.00 2012231
 2012 232    80    0.6   12.0   12.8   19.8   39.6   0.30   30.9   23.1   26.8   28.1   20.6   26.8   28.1  259.0  394.3   0.00   0.00 -99.00 2012232
 2012 233    81    0.0   12.0   12.8   21.2   42.4   0.25   32.1   23.8   27.8   29.1   20.8   27.8   29.1   95.0  394.3   0.00   0.00 -99.00 2012233
 2012 234    82    0.5   12.0   12.8   17.2   34.4   0.39   30.2   24.9   27.4   28.3   22.8   27.4   28.3  241.0  394.3   0.00   0.00 -99.00 2012234
 2012 235    83    9.5   12.0   12.8   20.4   40.8   0.28   30.0   24.4   27.1   28.0   22.1   27.1   28.0  132.0  394.3   0.00   0.00 -99.00 2012235
 2012 236    84    0.0   12.0   12.8   22.8   45.6   0.20   30.0   24.8   27.3   28.1   22.1   27.3   28.1   68.0  394.3   0.00   0.00 -99.00 2012236
 2012 237    85    8.8   12.0   12.8   15.3   30.6   0.46   30.4   23.6   26.9   28.0   21.5   26.9   28.0  157.0  394.3   0.00   0.00 -99.00 2012237
 2012 238    86    0.0   12.0   12.8   18.5   37.0   0.35   29.8   24.4   27.0   27.9   22.2   27.0   27.9  138.0  394.3   0.00   0.00 -99.00 2012238
 2012 239    87   13.1   12.0   12.8   19.2   38.4   0.33   29.6   23.9   26.6   27.6   21.7   26.6   27.6  118.0  394.3   0.00   0.00 -99.00 2012239
 2012 240    88    0.0   12.0   12.8   18.9   37.8   0.34   29.8   22.6   26.0   27.2   20.3   26.0   27.2   86.0  394.3   0.00   0.00 -99.00 2012240
 2012 241    89    0.0   12.0   12.8   19.9   39.8   0.30   29.2   24.1   26.5   27.4   22.5   26.5   27.4  167.0  394.3   0.00   0.00 -99.00 2012241
 2012 242    90   10.0   12.0   12.8   22.3   44.6   0.22   29.7   24.2   26.8   27.7   22.6   26.8   27.7  141.0  394.3   0.00   0.00 -99.00 2012242
 2012 243    91   10.8   12.0   12.8   20.8   41.6   0.27   30.3   24.2   27.1   28.1   22.3   27.1   28.1  208.0  394.3   0.00   0.00 -99.00 2012243
 2012 244    92    0.0   12.0   12.8   18.6   37.2   0.35   29.2   24.4   26.7   27.5   21.8   26.7   27.5   89.0  394.3   0.00   0.00 -99.00 2012244
 2012 245    93    0.0   12.0   12.8   22.2   44.4   0.23   30.0   24.1   26.9   27.9   21.8   26.9   27.9   73.0  394.3   0.00   0.00 -99.00 2012245
 2012 246    94   12.9   12.0   12.8   20.9   41.8   0.27   29.8   24.4   27.0   27.9   22.9   27.0   27.9  206.0  394.3   0.00   0.00 -99.00 2012246
 2012 247    95    0.0   12.0   12.8   20.9   41.8   0.27   29.9   24.0   26.8   27.8   22.3   26.8   27.8  195.0  394.3   0.00   0.00 -99.00 2012247
 2012 248    96    0.0   12.0   12.8   22.1   44.2   0.23   30.2   22.9   26.4   27.6   20.7   26.4   27.6  197.0  394.3   0.00   0.00 -99.00 2012248
 2012 249    97    3.6   12.0   12.8   15.8   31.6   0.45   30.7   23.4   26.9   28.1   20.7   26.9   28.1  119.0  394.3   0.00   0.00 -99.00 2012249
 2012 250    98    7.4   12.0   12.8   17.1   34.2   0.41   30.7   24.6   27.5   28.5   22.1   27.5   28.5  116.0  394.3   0.00   0.00 -99.00 2012250
 2012 251    99    3.9   12.0   12.8   24.9   49.8   0.14   31.0   24.7   27.7   28.7   22.5   27.7   28.7   87.0  394.3   0.00   0.00 -99.00 2012251
 2012 252   100   14.9   12.0   12.8   24.5   49.0   0.15   30.5   24.8   27.5   28.5   23.0   27.5   28.5  210.0  394.3   0.00   0.00 -99.00 2012252
 2012 253   101    0.0   12.0   12.8   12.8   25.6   0.56   28.8   24.9   26.8   27.4   23.3   26.8   27.4  237.0  394.3   0.00   0.00 -99.00 2012253
 2012 254   102   18.2   12.0   12.8   22.2   44.4   0.23   30.4   23.3   26.7   27.9   20.9   26.7   27.9  222.0  394.3   0.00   0.00 -99.00 2012254
 2012 255   103    0.6   12.0   12.8   19.3   38.6   0.33   30.8   23.1   26.8   28.0   20.7   26.8   28.0  121.0  394.3   0.00   0.00 -99.00 2012255
 2012 256   104    1.1   12.0   12.8   21.4   42.8   0.26   29.0   24.5   26.7   27.4   23.0   26.7   27.4  145.0  394.3   0.00   0.00 -99.00 2012256
 2012 257   105    9.7   12.0   12.8   23.6   47.2   0.18   31.4   24.3   27.7   28.9   22.2   27.7   28.9  198.0  394.3   0.00   0.00 -99.00 2012257
 2012 258   106   10.3   12.0   12.8   21.1   42.2   0.27   30.8   23.2   26.8   28.1   21.2   26.8   28.1  138.0  394.3   0.00   0.00 -99.00 2012258
 2012 259   107    0.7   12.0   12.8   21.9   43.8   0.24   29.6   24.4   26.9   27.7   22.6   26.9   27.7  162.0  394.5   0.00   0.00 -99.00 2012259
 2012 260   108   19.9   12.0   12.8   20.7   41.4   0.29   27.6   23.9   25.7   26.3   22.8   25.7   26.3  156.0  394.5   0.00   0.00 -99.00 2012260
 2012 261   109    4.0   12.0   12.8   18.2   36.4   0.37   30.4   23.2   26.6   27.8   20.9   26.6   27.8   98.0  394.5   0.00   0.00 -99.00 2012261
 2012 262   110    2.7   12.0   12.8   11.9   23.8   0.59   29.9   23.9   26.8   27.7   22.0   26.8   27.7  141.0  394.5   0.00   0.00 -99.00 2012262
 2012 263   111    0.0   12.0   12.8   22.8   45.6   0.21   32.8   24.2   28.3   29.7   20.8   28.3   29.7   95.0  394.5   0.00   0.00 -99.00 2012263
 2012 264   112    0.0   12.0   12.8   22.9   45.8   0.21   31.2   24.4   27.7   28.8   22.5   27.7   28.8  167.0  394.5   0.00   0.00 -99.00 2012264
 2012 265   113   14.8   12.0   12.8   21.8   43.6   0.25   29.4   25.0   27.1   27.8   23.5   27.1   27.8  144.0  394.5   0.00   0.00 -99.00 2012265
 2012 266   114    0.0   12.0   12.8   17.0   34.0   0.41   29.3   23.8   26.4   27.3   22.1   26.4   27.3  111.0  394.5   0.00   0.00 -99.00 2012266
 2012 267   115    0.0   12.0   12.8   19.8   39.6   0.32   29.2   24.0   26.5   27.3   22.1   26.5   27.3   98.0  394.5   0.00   0.00 -99.00 2012267
 2012 268   116    0.0   12.0   12.8   23.8   47.6   0.18   30.5   24.0   27.1   28.2   21.4   27.1   28.2  141.0  394.5   0.00   0.00 -99.00 2012268
 2012 269   117    2.7   12.0   12.8   14.3   28.6   0.51   30.7   23.2   26.8   28.0   20.3   26.8   28.0   99.0  394.5   0.00   0.00 -99.00 2012269
 2012 270   118    0.0   12.0   12.8   24.0   48.0   0.17   30.6   24.5   27.4   28.4   21.9   27.4   28.4  106.0  394.5   0.00   0.00 -99.00 2012270
 2012 271   119    0.0   12.0   12.8   23.7   47.4   0.18   30.9   23.4   27.0   28.2   21.0   27.0   28.2  136.0  394.5   0.00   0.00 -99.00 2012271
 2012 272   120    0.0   12.0   12.8   24.5   49.0   0.15   31.0   23.4   27.0   28.3   21.2   27.0   28.3  220.0  394.5   0.00   0.00 -99.00 2012272
 2012 273   121    7.6   12.0   12.8   23.4   46.8   0.19   30.9   23.7   27.1   28.3   21.1   27.1   28.3  109.0  394.5   0.00   0.00 -99.00 2012273
 2012 274   122    5.7   12.0   12.8   18.0   36.0   0.38   31.4   24.2   27.6   28.8   21.3   27.6   28.8  126.0  394.5   0.00   0.00 -99.00 2012274
 2012 275   123    1.8   12.0   12.8   18.0   36.0   0.38   30.0   24.4   27.1   28.0   22.5   27.1   28.0  127.0  394.5   0.00   0.00 -99.00 2012275
 2012 276   124    4.1   12.0   12.8   20.9   41.8   0.28   30.3   24.1   27.1   28.1   22.0   27.1   28.1  109.0  394.5   0.00   0.00 -99.00 2012276
 2012 277   125    1.8   12.0   12.8   16.5   33.0   0.43   33.7   22.6   27.9   29.7   16.9   27.9   29.7  124.0  394.5   0.00   0.00 -99.00 2012277
 2012 278   126    0.9   12.0   12.8   13.8   27.6   0.52   32.0   21.5   26.5   28.2   17.4   26.5   28.2   95.0  394.5   0.00   0.00 -99.00 2012278
 2012 279   127    5.8   12.0   12.8   22.3   44.6   0.23   32.3   22.6   27.2   28.8   18.7   27.2   28.8   98.0  394.5   0.00   0.00 -99.00 2012279
 2012 280   128    5.9   12.0   12.8   20.0   40.0   0.31   30.0   24.9   27.3   28.2   22.6   27.3   28.2  152.0  394.5   0.00   0.00 -99.00 2012280
 2012 281   129    0.0   12.0   12.8   19.0   38.0   0.34   31.2   23.5   27.2   28.4   20.8   27.2   28.4  162.0  394.5   0.00   0.00 -99.00 2012281
 2012 282   130    3.0   12.0   12.8   17.6   35.2   0.39   29.5   23.5   26.4   27.3   21.8   26.4   27.3  173.0  394.5   0.00   0.00 -99.00 2012282
 2012 283   131    0.1   12.0   12.8   22.8   45.6   0.21   30.1   23.5   26.7   27.7   21.7   26.7   27.7  138.0  394.5   0.00   0.00 -99.00 2012283
 2012 284   132    0.0   12.0   12.8   20.5   41.0   0.29   29.9   23.2   26.4   27.5   21.0   26.4   27.5  106.0  394.5   0.00   0.00 -99.00 2012284
 2012 285   133    0.0   12.0   12.8   22.0   44.0   0.23   30.8   23.4   26.9   28.1   20.6   26.9   28.1   92.0  394.5   0.00   0.00 -99.00 2012285
 2012 286   134    0.0   12.0   12.8   20.8   41.6   0.27   30.8   23.7   27.1   28.3   20.8   27.1   28.3  148.0  394.5   0.00   0.00 -99.00 2012286
 2012 287   135    7.7   12.0   12.8   23.3   46.6   0.19   32.1   22.4   27.0   28.6   19.1   27.0   28.6  135.0  394.5   0.00   0.00 -99.00 2012287
 2012 288   136    0.0   12.0   12.8   21.5   43.0   0.25   33.1   22.4   27.5   29.3   19.2   27.5   29.3  145.0  394.5   0.00   0.00 -99.00 2012288
 2012 289   137    9.1   12.0   12.8   21.6   43.2   0.24   30.5   23.3   26.7   27.9   21.2   26.7   27.9  159.0  394.8   0.00   0.00 -99.00 2012289
 2012 290   138    0.0   12.0   12.8   18.6   37.2   0.35   30.2   23.0   26.4   27.6   20.9   26.4   27.6  148.0  394.8   0.00   0.00 -99.00 2012290
 2012 291   139    0.0   12.0   12.8    9.0   18.0   0.68   31.6   23.5   27.4   28.7   20.8   27.4   28.7  120.0  394.8   0.00   0.00 -99.00 2012291
 2012 292   140    0.3   12.0   12.8   22.6   45.2   0.21   33.0   22.5   27.5   29.2   18.2   27.5   29.2  117.0  394.8   0.00   0.00 -99.00 2012292
 2012 293   141    0.0   12.0   12.8   22.1   44.2   0.22   33.3   22.3   27.6   29.4   18.1   27.6   29.4   91.0  394.8   0.00   0.00 -99.00 2012293
 2012 294   142    0.0   12.0   12.8   14.9   29.8   0.47   31.9   24.0   27.8   29.1   21.1   27.8   29.1  118.0  394.8   0.00   0.00 -99.00 2012294
 2012 295   143    0.0   12.0   12.8   20.9   41.8   0.26   31.6   22.0   26.6   28.2   16.2   26.6   28.2  108.0  394.8   0.00   0.00 -99.00 2012295
 2012 296   144    4.0   12.0   12.8   18.1   36.2   0.36   29.6   21.6   25.4   26.7   18.6   25.4   26.7  125.0  394.8   0.00   0.00 -99.00 2012296
 2012 297   145    0.0   12.0   12.8   19.1   38.2   0.32   31.7   23.5   27.4   28.8   20.8   27.4   28.8  108.0  394.8   0.00   0.00 -99.00 2012297
 2012 298   146    0.0   12.0   12.8    9.4   18.8   0.67   29.9   24.9   27.3   28.1   22.2   27.3   28.1   73.0  394.8   0.00   0.00 -99.00 2012298
 2012 299   147    0.8   12.0   12.8   18.0   36.0   0.36   31.2   23.8   27.3   28.5   21.2   27.3   28.5  118.0  394.8   0.00   0.00 -99.00 2012299
 2012 300   148    0.0   12.0   12.8   20.3   40.6   0.28   30.7   23.6   27.0   28.2   21.4   27.0   28.2  133.0  394.8   0.00   0.00 -99.00 2012300
 2012 301   149    3.1   12.0   12.8   15.4   30.8   0.45   30.3   23.1   26.5   27.7   19.0   26.5   27.7  107.0  394.8   0.00   0.00 -99.00 2012301
 2012 302   150    3.1   12.0   12.8   17.2   34.4   0.39   31.0   21.8   26.2   27.7   18.8   26.2   27.7  145.0  394.8   0.00   0.00 -99.00 2012302
 2012 303   151    0.0   12.0   12.8    9.4   18.8   0.66   29.5   22.3   25.7   26.9   19.1   25.7   26.9  201.0  394.8   0.00   0.00 -99.00 2012303
 2012 304   152    0.0   12.0   12.8   16.9   33.8   0.40   28.8   22.0   25.3   26.4   18.1   25.3   26.4  162.0  394.8   0.00   0.00 -99.00 2012304
 2012 305   153    0.0   12.0   12.8   20.8   41.6   0.26   33.4   21.0   26.9   28.9   15.3   26.9   28.9  159.0  394.8   0.00   0.00 -99.00 2012305
 2012 306   154    0.0   12.0   12.8   21.6   43.2   0.23   32.8   21.1   26.7   28.6   16.8   26.7   28.6  125.0  394.8   0.00   0.00 -99.00 2012306
 2012 307   155    0.0   12.0   12.8   21.4   42.8   0.23   32.5   23.1   27.6   29.1   19.9   27.6   29.1  160.0  394.8   0.00   0.00 -99.00 2012307
 2012 308   156    4.4   12.0   12.8   21.1   42.2   0.24   33.4   22.7   27.8   29.6   18.8   27.8   29.6  109.0  394.8   0.00   0.00 -99.00 2012308
 2012 309   157    0.0   12.0   12.8   20.0   40.0   0.28   32.9   22.9   27.7   29.3   18.4   27.7   29.3   85.0  394.8   0.00   0.00 -99.00 2012309
 2012 310   158    0.0   12.0   12.8   21.4   42.8   0.23   34.6   23.8   29.0   30.7   18.0   29.0   30.7   79.0  394.8   0.00   0.00 -99.00 2012310
 2012 311   159    0.0   12.0   12.8   20.7   41.4   0.25   33.3   23.6   28.2   29.8   18.4   28.2   29.8  148.0  394.8   0.00   0.00 -99.00 2012311
 2012 312   160    0.0   12.0   12.8   20.6   41.2   0.26   33.5   20.7   26.8   28.9   14.7   26.8   28.9  105.0  394.8   0.00   0.00 -99.00 2012312
 2012 313   161    0.0   12.0   12.8   21.7   43.4   0.21   33.0   21.6   27.1   28.9   15.3   27.1   28.9  151.0  394.8   0.00   0.00 -99.00 2012313
 2012 314   162    0.0   12.0   12.8   20.8   41.6   0.25   32.7   20.1   26.1   28.2   15.1   26.1   28.2  128.0  394.8   0.00   0.00 -99.00 2012314
 2012 315   163    0.0   12.0   12.8   12.4   24.8   0.55   26.3   19.5   22.8   23.9   15.7   22.8   23.9  227.0  394.8   0.00   0.00 -99.00 2012315
 2012 316   164    0.0   12.0   12.8   13.9   27.8   0.49   27.1   18.6   22.7   24.0   15.2   22.7   24.0  175.0  394.8   0.00   0.00 -99.00 2012316
 2012 317   165    0.0   12.0   12.8   13.8   27.6   0.50   28.8   20.1   24.3   25.7   17.1   24.3   25.7  177.0  394.8   0.00   0.00 -99.00 2012317
 2012 318   166    0.0   12.0   12.8   12.7   25.4   0.54   30.0   20.8   25.2   26.7   16.5   25.2   26.7  166.0  394.8   0.00   0.00 -99.00 2012318
 2012 319   167    0.0   12.0   12.8   20.3   40.6   0.26   33.2   21.8   27.3   29.1   15.0   27.3   29.1  111.0  394.8   0.00   0.00 -99.00 2012319
 2012 320   168    0.6   12.0   12.8   21.0   42.0   0.23   33.2   22.5   27.6   29.4   16.5   27.6   29.4  129.0  395.0   0.00   0.00 -99.00 2012320
 2012 321   169    1.1   12.0   12.8   19.8   39.6   0.27   32.7   21.9   27.1   28.8   16.9   27.1   28.8  112.0  395.0   0.00   0.00 -99.00 2012321
 2012 322   170    0.0   12.0   12.8   18.1   36.2   0.34   32.1   22.4   27.0   28.6   17.3   27.0   28.6  150.0  395.0   0.00   0.00 -99.00 2012322
 2012 323   171    0.9   12.0   12.9   20.4   40.8   0.25   33.9   21.4   27.4   29.4   15.3   27.4   29.4  153.0  395.0   0.00   0.00 -99.00 2012323
 2012 324   172    0.0   12.0   12.9   19.3   38.6   0.29   34.1   21.0   27.3   29.4   14.5   27.3   29.4  184.0  395.0   0.00   0.00 -99.00 2012324
 2012 325   173    2.2   12.0   12.9   21.8   43.6   0.20   33.7   18.7   25.9   28.3   12.4   25.9   28.3  182.0  395.0   0.00   0.00 -99.00 2012325
 2012 326   174    1.9   12.0   12.9   20.6   41.2   0.24   32.2   19.8   25.7   27.7   14.2   25.7   27.7  154.0  395.0   0.00   0.00 -99.00 2012326
 2012 327   175    0.0   12.0   12.9   20.4   40.8   0.25   32.8   20.8   26.5   28.5   14.5   26.5   28.5  110.0  395.0   0.00   0.00 -99.00 2012327
 2012 328   176    0.4   12.0   12.9   20.9   41.8   0.23   33.1   21.4   27.0   28.9   14.6   27.0   28.9  160.0  395.0   0.00   0.00 -99.00 2012328
 2012 329   177    1.1   12.0   12.9   18.2   36.4   0.33   33.9   21.7   27.5   29.5   13.4   27.5   29.5   95.0  395.0   0.00   0.00 -99.00 2012329
 2012 330   178    0.0   12.0   12.9   19.8   39.6   0.27   34.0   21.1   27.3   29.4   15.0   27.3   29.4  120.0  395.0   0.00   0.00 -99.00 2012330
 2012 331   179    0.0   12.0   12.9   18.4   36.8   0.32   34.0   22.6   28.1   29.9   15.3   28.1   29.9  100.0  395.0   0.00   0.00 -99.00 2012331
 2012 332   180    0.0   12.0   12.9   21.3   42.6   0.21   34.2   19.5   26.5   28.9   11.7   26.5   28.9  219.0  395.0   0.00   0.00 -99.00 2012332
 2012 333   181    4.3   12.0   12.9   20.0   40.0   0.26   32.5   18.1   25.0   27.3    9.1   25.0   27.3  285.0  395.0   0.00   0.00 -99.00 2012333
 2012 334   182    0.4   12.0   12.9   17.8   35.6   0.34   32.5   17.5   24.7   27.1    9.6   24.7   27.1  201.0  395.0   0.00   0.00 -99.00 2012334
 2012 335   183    0.0   12.0   12.9   19.4   38.8   0.28   30.1   20.1   24.9   26.5   12.3   24.9   26.5  110.0  395.0   0.00   0.00 -99.00 2012335
 2012 336   184    1.9   12.0   12.9   21.2   42.4   0.21   34.8   19.8   27.0   29.4    9.3   27.0   29.4   91.0  395.0   0.00   0.00 -99.00 2012336
 2012 337   185    0.0   12.0   12.9   19.7   39.4   0.26   33.9   21.6   27.5   29.5   12.3   27.5   29.5  162.0  395.0   0.00   0.00 -99.00 2012337
 2012 338   186    0.3   12.0   12.9   19.3   38.6   0.28   34.4   17.8   25.7   28.4    8.1   25.7   28.4  125.0  395.0   0.00   0.00 -99.00 2012338
 2012 339   187    1.4   12.0   12.9   19.0   38.0   0.29   34.6   19.8   26.9   29.3    9.8   26.9   29.3  242.0  395.0   0.00   0.00 -99.00 2012339
 2012 340   188    1.1   12.0   12.9   20.3   40.6   0.24   33.1   18.7   25.6   27.9    7.2   25.6   27.9  316.0  395.0   0.00   0.00 -99.00 2012340
 2012 341   189    1.1   12.0   12.9   21.0   42.0   0.21   33.6   16.0   24.4   27.3    5.0   24.4   27.3  230.0  395.0   0.00   0.00 -99.00 2012341
 2012 342   190    0.0   12.0   12.9   20.6   41.2   0.23   34.4   17.5   25.6   28.3    6.0   25.6   28.3  214.0  395.0   0.00   0.00 -99.00 2012342
 2012 343   191    0.0   12.0   12.9   19.0   38.0   0.29   34.8   17.5   25.8   28.6    6.1   25.8   28.6  199.0  395.0   0.00   0.00 -99.00 2012343
 2012 344   192    0.0   12.0   12.9   19.7   39.4   0.26   33.7   18.6   25.8   28.3    8.3   25.8   28.3  234.0  395.0   0.00   0.00 -99.00 2012344
 2012 345   193    0.0   12.0   12.9   16.4   32.8   0.38   33.7   17.4   25.2   27.8    8.1   25.2   27.8  220.0  395.0   0.00   0.00 -99.00 2012345
 2012 346   194    2.1   12.0   12.9   19.6   39.2   0.26   34.0   17.1   25.2   27.9    4.3   25.2   27.9  195.0  395.0   0.00   0.00 -99.00 2012346
 2012 347   195    0.0   12.0   12.9   19.4   38.8   0.27   33.9   18.6   25.9   28.4    6.1   25.9   28.4  168.0  395.0   0.00   0.00 -99.00 2012347
 2012 348   196    0.0   12.0   12.9   14.8   29.6   0.44   31.8   18.6   24.9   27.1    7.7   24.9   27.1  153.0  395.0   0.00   0.00 -99.00 2012348
 2012 349   197    0.0   12.0   12.9   13.7   27.4   0.48   33.6   20.4   26.7   28.9   10.8   26.7   28.9  174.0  395.0   0.00   0.00 -99.00 2012349
 2012 350   198    0.0   12.0   12.9   15.0   30.0   0.44   33.3   20.6   26.7   28.7   10.3   26.7   28.7  180.0  395.2   0.00   0.00 -99.00 2012350
 2012 351   199    3.2   12.0   12.9   14.3   28.6   0.46   33.6   20.7   26.9   29.0   10.4   26.9   29.0  170.0  395.2   0.00   0.00 -99.00 2012351
 2012 352   200    0.0   12.0   12.9   19.4   38.8   0.27   35.2   21.0   27.8   30.1    9.3   27.8   30.1  239.0  395.2   0.00   0.00 -99.00 2012352
 2012 353   201    0.0   12.0   12.9   18.9   37.8   0.29   33.1   19.8   26.2   28.3    6.9   26.2   28.3  406.0  395.2   0.00   0.00 -99.00 2012353
 2012 354   202    0.0   12.0   12.9   17.8   35.6   0.33   33.6   19.3   26.1   28.5    4.0   26.1   28.5  424.0  395.2   0.00   0.00 -99.00 2012354
 2012 355   203    0.0   12.0   12.9    9.5   19.0   0.64   29.4   18.9   23.9   25.6    4.4   23.9   25.6  377.0  395.2   0.00   0.00 -99.00 2012355
 2012 356   204    0.0   12.0   12.9   16.1   32.2   0.39   28.8   19.2   23.8   25.4    8.1   23.8   25.4  337.0  395.2   0.00   0.00 -99.00 2012356
