*WEATHER MODULE DAILY OUTPUT FILE

*DSSAT Cropping System Model Ver. 4.8.2.000 -release  DEC 30, 2025 00:11:04

*RUN   1        : F1 NE 4                   RICER048 CRDA1201    1
 MODEL          : RICER048 - Rice
 EXPERIMENT     : CRDA1201 WH ESSAI VARIETE DAROU PAKA 2012
 DATA PATH      :
 TREATMENT  1   : F1 NE 4                   RICER048
  
@YEAR DOY   DAS   PRED  DAYLD   TWLD   SRAD   PARD   CLDD   TMXD   TMND   TAVD   TDYD   TDWD   TGAD   TGRD   WDSD   CO2D   VPDF    VPD  OZON7   WDATE
 2012 153     1    0.3   12.0   12.9   23.9   47.8   0.11   40.3   26.9   33.3   35.5   12.3   33.3   35.5  269.0  393.6   0.00   0.00 -99.00 2012153
 2012 154     2    0.1   12.0   12.9   24.8   49.6   0.07   39.5   25.8   32.4   34.6   12.8   32.4   34.6  401.0  393.6   0.00   0.00 -99.00 2012154
 2012 155     3    0.7   12.0   12.9   16.8   33.6   0.37   41.2   25.9   33.2   35.7   11.9   33.2   35.7  248.0  393.6   0.00   0.00 -99.00 2012155
 2012 156     4    2.7   12.0   12.9   24.5   49.0   0.08   40.6   28.0   34.0   36.1   14.9   34.0   36.1  229.0  393.6   0.00   0.00 -99.00 2012156
 2012 157     5    0.1   12.0   12.9   25.7   51.4   0.04   40.6   26.4   33.2   35.5   14.8   33.2   35.5  334.0  393.6   0.00   0.00 -99.00 2012157
 2012 158     6    0.2   12.0   12.9   26.2   52.4   0.02   40.4   26.5   33.1   35.4   14.1   33.1   35.4  388.0  393.6   0.00   0.00 -99.00 2012158
 2012 159     7    0.0   12.0   12.9   25.5   51.0   0.05   41.1   25.7   33.1   35.6   10.9   33.1   35.6  291.0  393.6   0.00   0.00 -99.00 2012159
 2012 160     8    0.0   12.0   12.9   23.4   46.8   0.12   38.3   25.3   31.5   33.6   12.5   31.5   33.6  336.0  393.6   0.00   0.00 -99.00 2012160
 2012 161     9    0.1   12.0   12.9   23.8   47.6   0.11   40.4   26.6   33.2   35.4   14.3   33.2   35.4  262.0  393.6   0.00   0.00 -99.00 2012161
 2012 162    10    2.1   12.0   12.9   24.4   48.8   0.08   41.7   27.2   34.1   36.5   14.8   34.1   36.5  273.0  393.6   0.00   0.00 -99.00 2012162
 2012 163    11    2.1   12.0   12.9   22.5   45.0   0.16   39.1   27.4   33.0   34.9   17.3   33.0   34.9  430.0  393.6   0.00   0.00 -99.00 2012163
 2012 164    12    3.1   12.0   12.9   23.1   46.2   0.13   37.0   25.7   31.1   32.9   18.0   31.1   32.9  377.0  393.6   0.00   0.00 -99.00 2012164
 2012 165    13    3.0   12.0   12.9   21.2   42.4   0.20   35.6   25.2   30.2   31.9   17.6   30.2   31.9  338.0  393.6   0.00   0.00 -99.00 2012165
 2012 166    14    2.2   12.0   12.9   21.2   42.4   0.20   36.7   25.3   30.8   32.6   16.4   30.8   32.6  160.0  393.6   0.00   0.00 -99.00 2012166
 2012 167    15    4.5   12.0   12.9   22.8   45.6   0.14   36.8   27.1   31.7   33.3   17.3   31.7   33.3  214.0  393.8   0.00   0.00 -99.00 2012167
 2012 168    16    4.4   12.0   12.9   23.9   47.8   0.10   37.5   25.1   31.0   33.0   17.2   31.0   33.0  325.0  393.8   0.00   0.00 -99.00 2012168
 2012 169    17    9.1   12.0   12.9   22.1   44.2   0.17   31.7   25.3   28.4   29.4   20.8   28.4   29.4  373.0  393.8   0.00   0.00 -99.00 2012169
 2012 170    18    4.8   12.0   12.9   19.2   38.4   0.28   30.8   25.1   27.8   28.8   21.4   27.8   28.8  305.0  393.8   0.00   0.00 -99.00 2012170
 2012 171    19    2.8   12.0   12.9   22.7   45.4   0.15   33.7   24.5   28.9   30.4   19.4   28.9   30.4  239.0  393.8   0.00   0.00 -99.00 2012171
 2012 172    20    6.3   12.0   12.9   24.3   48.6   0.09   31.0   25.1   27.9   28.9   20.7   27.9   28.9  129.0  393.8   0.00   0.00 -99.00 2012172
 2012 173    21    3.9   12.0   12.9   20.5   41.0   0.23   35.1   24.4   29.5   31.3   18.1   29.5   31.3  234.0  393.8   0.00   0.00 -99.00 2012173
 2012 174    22    0.8   12.0   12.9   21.7   43.4   0.18   37.9   25.2   31.3   33.3   17.6   31.3   33.3  360.0  393.8   0.00   0.00 -99.00 2012174
 2012 175    23    7.2   12.0   12.9   19.3   38.6   0.27   31.4   24.9   28.0   29.1   21.1   28.0   29.1  381.0  393.8   0.00   0.00 -99.00 2012175
 2012 176    24    8.4   12.0   12.9   15.8   31.6   0.41   31.2   23.7   27.3   28.5   19.7   27.3   28.5  241.0  393.8   0.00   0.00 -99.00 2012176
 2012 177    25   19.9   12.0   12.9   17.1   34.2   0.36   31.7   23.0   27.2   28.6   19.3   27.2   28.6  198.0  393.8   0.00   0.00 -99.00 2012177
 2012 178    26    1.8   12.0   12.9   24.3   48.6   0.09   34.9   23.7   29.1   30.9   18.3   29.1   30.9  185.0  393.8   0.00   0.00 -99.00 2012178
 2012 179    27    5.2   12.0   12.9   23.0   46.0   0.14   30.8   24.6   27.6   28.6   20.7   27.6   28.6  248.0  393.8   0.00   0.00 -99.00 2012179
 2012 180    28    8.3   12.0   12.9   17.5   35.0   0.34   31.1   23.7   27.2   28.4   20.4   27.2   28.4  226.0  393.8   0.00   0.00 -99.00 2012180
 2012 181    29    7.7   12.0   12.9   17.8   35.6   0.33   30.7   24.0   27.2   28.3   21.0   27.2   28.3  192.0  393.8   0.00   0.00 -99.00 2012181
 2012 182    30    3.8   12.0   12.9   20.1   40.2   0.25   29.2   24.1   26.5   27.4   21.5   26.5   27.4  180.0  393.8   0.00   0.00 -99.00 2012182
 2012 183    31    2.1   12.0   12.9   20.5   41.0   0.23   29.9   23.9   26.8   27.7   20.6   26.8   27.7  259.0  393.8   0.00   0.00 -99.00 2012183
 2012 184    32   16.6   12.0   12.9   17.7   35.4   0.34   30.3   23.5   26.8   27.9   20.8   26.8   27.9  213.0  393.8   0.00   0.00 -99.00 2012184
 2012 185    33    7.0   12.0   12.9   17.9   35.8   0.33   30.3   23.7   26.9   27.9   20.7   26.9   27.9  167.0  393.8   0.00   0.00 -99.00 2012185
 2012 186    34    4.1   12.0   12.9   20.4   40.8   0.24   30.9   23.1   26.8   28.1   19.9   26.8   28.1  245.0  393.8   0.00   0.00 -99.00 2012186
 2012 187    35    5.6   12.0   12.9   20.8   41.6   0.22   31.4   23.1   27.1   28.4   19.7   27.1   28.4  209.0  393.8   0.00   0.00 -99.00 2012187
 2012 188    36    3.4   12.0   12.9   20.5   41.0   0.23   33.4   23.6   28.3   29.9   19.5   28.3   29.9  120.0  393.8   0.00   0.00 -99.00 2012188
 2012 189    37    4.4   12.0   12.9   18.0   36.0   0.33   30.1   24.1   27.0   27.9   21.2   27.0   27.9  308.0  393.8   0.00   0.00 -99.00 2012189
 2012 190    38    7.8   12.0   12.9   18.9   37.8   0.29   29.5   23.7   26.5   27.4   21.0   26.5   27.4  256.0  393.8   0.00   0.00 -99.00 2012190
 2012 191    39   11.3   12.0   12.9   20.5   41.0   0.24   30.7   23.8   27.1   28.2   20.2   27.1   28.2  161.0  393.8   0.00   0.00 -99.00 2012191
 2012 192    40    4.7   12.0   12.9   24.0   48.0   0.11   30.9   23.8   27.2   28.4   20.9   27.2   28.4  194.0  393.8   0.00   0.00 -99.00 2012192
 2012 193    41    4.8   12.0   12.9   22.8   45.6   0.15   30.6   23.6   26.9   28.1   20.9   26.9   28.1  196.0  393.8   0.00   0.00 -99.00 2012193
 2012 194    42   12.4   12.0   12.9   13.8   27.6   0.49   29.9   23.7   26.7   27.7   21.0   26.7   27.7  180.0  393.8   0.00   0.00 -99.00 2012194
 2012 195    43    7.5   12.0   12.9   21.2   42.4   0.21   30.9   24.0   27.3   28.4   20.9   27.3   28.4  155.0  393.8   0.00   0.00 -99.00 2012195
 2012 196    44   20.9   12.0   12.9   20.3   40.6   0.25   29.4   23.5   26.3   27.3   21.1   26.3   27.3  230.0  393.8   0.00   0.00 -99.00 2012196
 2012 197    45    3.8   12.0   12.9   17.6   35.2   0.35   29.1   23.3   26.1   27.0   20.9   26.1   27.0  342.0  394.1   0.00   0.00 -99.00 2012197
 2012 198    46    5.1   12.0   12.9   20.1   40.2   0.26   29.5   22.9   26.1   27.1   20.3   26.1   27.1  209.0  394.1   0.00   0.00 -99.00 2012198
 2012 199    47    5.6   12.0   12.9   21.5   43.0   0.20   30.6   23.1   26.7   27.9   20.4   26.7   27.9  202.0  394.1   0.00   0.00 -99.00 2012199
 2012 200    48    2.9   12.0   12.9   19.0   38.0   0.30   32.0   22.8   27.2   28.7   19.3   27.2   28.7  203.0  394.1   0.00   0.00 -99.00 2012200
 2012 201    49    4.0   12.0   12.9   18.8   37.6   0.31   30.0   24.4   27.1   28.0   21.7   27.1   28.0  248.0  394.1   0.00   0.00 -99.00 2012201
 2012 202    50    5.4   12.0   12.9   16.4   32.8   0.40   29.6   24.5   26.9   27.8   21.6   26.9   27.8  164.0  394.1   0.00   0.00 -99.00 2012202
 2012 203    51    6.1   12.0   12.9   16.0   32.0   0.41   28.8   23.6   26.1   26.9   21.7   26.1   26.9  334.0  394.1   0.00   0.00 -99.00 2012203
 2012 204    52    5.7   12.0   12.9   22.8   45.6   0.16   31.1   22.1   26.4   27.9   19.0   26.4   27.9  174.0  394.1   0.00   0.00 -99.00 2012204
 2012 205    53   20.6   12.0   12.9   14.6   29.2   0.46   30.0   24.0   26.9   27.8   21.7   26.9   27.8  218.0  394.1   0.00   0.00 -99.00 2012205
 2012 206    54    5.2   12.0   12.9   18.5   37.0   0.32   29.6   23.3   26.3   27.3   21.3   26.3   27.3  182.0  394.1   0.00   0.00 -99.00 2012206
 2012 207    55   10.5   12.0   12.9   21.5   43.0   0.21   31.4   22.9   27.0   28.3   20.2   27.0   28.3  234.0  394.1   0.00   0.00 -99.00 2012207
 2012 208    56   13.2   12.0   12.8   19.8   39.6   0.28   31.1   23.9   27.3   28.5   21.1   27.3   28.5  194.0  394.1   0.00   0.00 -99.00 2012208
 2012 209    57   14.4   12.0   12.8   20.4   40.8   0.26   31.7   23.9   27.6   28.9   20.8   27.6   28.9   78.0  394.1   0.00   0.00 -99.00 2012209
 2012 210    58    8.7   12.0   12.8   14.8   29.6   0.46   29.7   23.8   26.6   27.6   21.7   26.6   27.6  143.0  394.1   0.00   0.00 -99.00 2012210
 2012 211    59    8.0   12.0   12.8   20.7   41.4   0.25   28.6   23.6   26.0   26.8   21.6   26.0   26.8  191.0  394.1   0.00   0.00 -99.00 2012211
 2012 212    60    5.4   12.0   12.8   21.2   42.4   0.23   30.2   22.9   26.4   27.6   20.5   26.4   27.6  167.0  394.1   0.00   0.00 -99.00 2012212
 2012 213    61    6.3   12.0   12.8   21.7   43.4   0.21   31.0   23.6   27.1   28.3   20.9   27.1   28.3  216.0  394.1   0.00   0.00 -99.00 2012213
 2012 214    62    8.9   12.0   12.8   10.8   21.6   0.61   28.8   24.0   26.3   27.1   22.4   26.3   27.1  265.0  394.1   0.00   0.00 -99.00 2012214
 2012 215    63    4.5   12.0   12.8   22.6   45.2   0.18   29.6   23.7   26.5   27.5   21.7   26.5   27.5  223.0  394.1   0.00   0.00 -99.00 2012215
 2012 216    64    6.5   12.0   12.8   20.4   40.8   0.26   31.1   22.1   26.4   27.9   19.4   26.4   27.9  196.0  394.1   0.00   0.00 -99.00 2012216
 2012 217    65   27.8   12.0   12.8   17.4   34.8   0.37   30.0   24.2   27.0   27.9   21.9   27.0   27.9  283.0  394.1   0.00   0.00 -99.00 2012217
 2012 218    66   12.9   12.0   12.8   22.4   44.8   0.19   31.0   23.9   27.3   28.5   20.9   27.3   28.5  136.0  394.1   0.00   0.00 -99.00 2012218
 2012 219    67    4.5   12.0   12.8   22.2   44.4   0.20   29.3   23.5   26.3   27.2   21.2   26.3   27.2  224.0  394.1   0.00   0.00 -99.00 2012219
 2012 220    68    4.1   12.0   12.8   24.8   49.6   0.11   30.8   22.6   26.5   27.9   20.0   26.5   27.9  206.0  394.1   0.00   0.00 -99.00 2012220
 2012 221    69   11.9   12.0   12.8   21.3   42.6   0.24   29.9   23.9   26.8   27.7   21.8   26.8   27.7  267.0  394.1   0.00   0.00 -99.00 2012221
 2012 222    70    4.1   12.0   12.8   10.7   21.4   0.62   28.0   24.0   25.9   26.6   22.1   25.9   26.6  260.0  394.1   0.00   0.00 -99.00 2012222
 2012 223    71    7.3   12.0   12.8   24.4   48.8   0.13   30.7   23.0   26.7   27.9   20.5   26.7   27.9  291.0  394.1   0.00   0.00 -99.00 2012223
 2012 224    72   18.8   12.0   12.8   20.4   40.8   0.27   29.7   22.9   26.2   27.3   20.7   26.2   27.3  127.0  394.1   0.00   0.00 -99.00 2012224
 2012 225    73    7.5   12.0   12.8   21.1   42.2   0.25   29.0   24.1   26.4   27.2   21.7   26.4   27.2  108.0  394.1   0.00   0.00 -99.00 2012225
 2012 226    74   15.2   12.0   12.8   17.7   35.4   0.37   29.1   23.2   26.0   27.0   21.4   26.0   27.0  134.0  394.1   0.00   0.00 -99.00 2012226
 2012 227    75   14.9   12.0   12.8   19.3   38.6   0.31   29.0   23.5   26.1   27.0   21.7   26.1   27.0  318.0  394.1   0.00   0.00 -99.00 2012227
 2012 228    76    9.2   12.0   12.8   18.3   36.6   0.35   30.7   22.8   26.6   27.9   20.5   26.6   27.9  170.0  394.3   0.00   0.00 -99.00 2012228
 2012 229    77   10.6   12.0   12.8   20.6   41.2   0.27   28.6   24.0   26.2   26.9   22.4   26.2   26.9  160.0  394.3   0.00   0.00 -99.00 2012229
 2012 230    78    8.8   12.0   12.8   21.5   43.0   0.24   27.5   23.4   25.4   26.0   22.1   25.4   26.0  327.0  394.3   0.00   0.00 -99.00 2012230
 2012 231    79    7.3   12.0   12.8    9.8   19.6   0.65   26.4   23.6   24.9   25.4   22.4   24.9   25.4  348.0  394.3   0.00   0.00 -99.00 2012231
 2012 232    80    8.0   12.0   12.8   22.3   44.6   0.21   29.7   23.4   26.4   27.4   21.1   26.4   27.4  166.0  394.3   0.00   0.00 -99.00 2012232
 2012 233    81   13.8   12.0   12.8   19.6   39.2   0.31   30.0   23.9   26.8   27.8   22.0   26.8   27.8  212.0  394.3   0.00   0.00 -99.00 2012233
 2012 234    82   11.2   12.0   12.8   13.4   26.8   0.53   30.0   24.1   26.9   27.9   22.3   26.9   27.9  173.0  394.3   0.00   0.00 -99.00 2012234
 2012 235    83   15.7   12.0   12.8   14.2   28.4   0.50   28.3   23.8   26.0   26.7   22.2   26.0   26.7  238.0  394.3   0.00   0.00 -99.00 2012235
 2012 236    84    9.7   12.0   12.8   15.0   30.0   0.47   29.1   23.3   26.1   27.0   21.0   26.1   27.0  198.0  394.3   0.00   0.00 -99.00 2012236
 2012 237    85    9.0   12.0   12.8   17.8   35.6   0.38   30.1   22.8   26.3   27.5   20.9   26.3   27.5  243.0  394.3   0.00   0.00 -99.00 2012237
 2012 238    86   15.6   12.0   12.8   14.3   28.6   0.50   28.7   23.1   25.8   26.7   21.4   25.8   26.7  199.0  394.3   0.00   0.00 -99.00 2012238
 2012 239    87   16.3   12.0   12.8   19.9   39.8   0.30   27.6   23.8   25.6   26.2   22.7   25.6   26.2  248.0  394.3   0.00   0.00 -99.00 2012239
 2012 240    88    5.2   12.0   12.8   21.6   43.2   0.24   29.9   23.1   26.4   27.5   21.1   26.4   27.5  146.0  394.3   0.00   0.00 -99.00 2012240
 2012 241    89    5.3   12.0   12.8   23.9   47.8   0.16   29.8   23.2   26.4   27.4   21.2   26.4   27.4  202.0  394.3   0.00   0.00 -99.00 2012241
 2012 242    90    5.8   12.0   12.8   20.4   40.8   0.29   30.3   23.1   26.5   27.7   21.0   26.5   27.7  164.0  394.3   0.00   0.00 -99.00 2012242
 2012 243    91    4.2   12.0   12.8   23.1   46.2   0.19   29.6   23.6   26.5   27.4   21.8   26.5   27.4  166.0  394.3   0.00   0.00 -99.00 2012243
 2012 244    92    7.5   12.0   12.8   20.3   40.6   0.29   27.8   23.4   25.5   26.2   22.1   25.5   26.2  221.0  394.3   0.00   0.00 -99.00 2012244
 2012 245    93    8.6   12.0   12.8   17.7   35.4   0.38   28.9   22.9   25.8   26.7   21.1   25.8   26.7  256.0  394.3   0.00   0.00 -99.00 2012245
 2012 246    94    9.9   12.0   12.8   17.0   34.0   0.41   27.2   23.0   25.0   25.7   21.5   25.0   25.7  273.0  394.3   0.00   0.00 -99.00 2012246
 2012 247    95   12.9   12.0   12.8   18.7   37.4   0.35   30.2   21.9   25.9   27.2   19.7   25.9   27.2  198.0  394.3   0.00   0.00 -99.00 2012247
 2012 248    96   14.6   12.0   12.8   19.2   38.4   0.33   29.8   23.1   26.3   27.4   21.0   26.3   27.4  167.0  394.3   0.00   0.00 -99.00 2012248
 2012 249    97   20.9   12.0   12.8   19.4   38.8   0.33   28.2   23.8   25.9   26.6   22.4   25.9   26.6  161.0  394.3   0.00   0.00 -99.00 2012249
 2012 250    98   26.5   12.0   12.8   16.8   33.6   0.42   27.3   23.9   25.5   26.1   22.7   25.5   26.1  191.0  394.3   0.00   0.00 -99.00 2012250
 2012 251    99   19.4   12.0   12.8   17.5   35.0   0.39   29.7   23.0   26.2   27.3   21.5   26.2   27.3  177.0  394.3   0.00   0.00 -99.00 2012251
 2012 252   100    1.7   12.0   12.8   24.0   48.0   0.17   30.5   22.8   26.5   27.7   20.7   26.5   27.7  224.0  394.3   0.00   0.00 -99.00 2012252
 2012 253   101    3.2   12.0   12.8   21.4   42.8   0.26   31.1   22.1   26.4   27.9   19.6   26.4   27.9  123.0  394.3   0.00   0.00 -99.00 2012253
 2012 254   102    3.9   12.0   12.8   20.1   40.2   0.30   29.9   24.1   26.9   27.8   22.2   26.9   27.8  188.0  394.3   0.00   0.00 -99.00 2012254
 2012 255   103    3.3   12.0   12.8   24.8   49.6   0.14   30.6   23.9   27.1   28.2   21.2   27.1   28.2  140.0  394.3   0.00   0.00 -99.00 2012255
 2012 256   104    2.7   12.0   12.8   22.3   44.6   0.23   29.6   23.9   26.6   27.6   22.0   26.6   27.6  130.0  394.3   0.00   0.00 -99.00 2012256
 2012 257   105    7.3   12.0   12.8   16.3   32.6   0.44   29.7   23.4   26.4   27.4   21.5   26.4   27.4  149.0  394.3   0.00   0.00 -99.00 2012257
 2012 258   106    4.2   12.0   12.8   21.6   43.2   0.25   28.5   23.8   26.0   26.8   22.0   26.0   26.8  131.0  394.3   0.00   0.00 -99.00 2012258
 2012 259   107    3.1   12.0   12.8   18.7   37.4   0.35   29.1   23.7   26.3   27.2   21.8   26.3   27.2  115.0  394.5   0.00   0.00 -99.00 2012259
 2012 260   108    3.0   12.0   12.8   23.2   46.4   0.20   30.6   22.3   26.3   27.6   20.2   26.3   27.6  125.0  394.5   0.00   0.00 -99.00 2012260
 2012 261   109    5.2   12.0   12.8   23.8   47.6   0.18   31.2   23.3   27.1   28.4   20.3   27.1   28.4  120.0  394.5   0.00   0.00 -99.00 2012261
 2012 262   110   15.2   12.0   12.8   12.5   25.0   0.57   29.4   24.1   26.6   27.5   22.4   26.6   27.5   95.0  394.5   0.00   0.00 -99.00 2012262
 2012 263   111   18.0   12.0   12.8   12.5   25.0   0.57   28.9   22.9   25.8   26.7   21.1   25.8   26.7  136.0  394.5   0.00   0.00 -99.00 2012263
 2012 264   112   12.4   12.0   12.8   11.1   22.2   0.62   29.5   23.3   26.3   27.3   21.3   26.3   27.3  161.0  394.5   0.00   0.00 -99.00 2012264
 2012 265   113   13.6   12.0   12.8   17.1   34.2   0.41   29.6   23.0   26.2   27.2   21.1   26.2   27.2  209.0  394.5   0.00   0.00 -99.00 2012265
 2012 266   114    9.4   12.0   12.8   15.0   30.0   0.48   28.8   23.6   26.1   26.9   22.0   26.1   26.9  259.0  394.5   0.00   0.00 -99.00 2012266
 2012 267   115   12.4   12.0   12.8   19.5   39.0   0.33   29.4   22.7   25.9   27.0   20.7   25.9   27.0  180.0  394.5   0.00   0.00 -99.00 2012267
 2012 268   116   12.2   12.0   12.8   20.8   41.6   0.28   30.5   23.2   26.7   27.9   20.6   26.7   27.9   96.0  394.5   0.00   0.00 -99.00 2012268
 2012 269   117    8.7   12.0   12.8   21.1   42.2   0.27   29.6   23.6   26.5   27.4   21.8   26.5   27.4  184.0  394.5   0.00   0.00 -99.00 2012269
 2012 270   118    9.2   12.0   12.8   24.1   48.2   0.17   31.5   23.7   27.4   28.7   21.3   27.4   28.7  135.0  394.5   0.00   0.00 -99.00 2012270
 2012 271   119    8.5   12.0   12.8   23.1   46.2   0.20   29.4   23.9   26.5   27.4   22.4   26.5   27.4  148.0  394.5   0.00   0.00 -99.00 2012271
 2012 272   120   11.0   12.0   12.8   20.5   41.0   0.29   30.4   24.2   27.2   28.2   22.0   27.2   28.2  154.0  394.5   0.00   0.00 -99.00 2012272
 2012 273   121    9.6   12.0   12.8   16.2   32.4   0.44   27.9   23.1   25.4   26.2   21.7   25.4   26.2  339.0  394.5   0.00   0.00 -99.00 2012273
 2012 274   122   12.7   12.0   12.8   21.6   43.2   0.25   30.2   22.4   26.1   27.4   19.6   26.1   27.4   92.0  394.5   0.00   0.00 -99.00 2012274
 2012 275   123    3.7   12.0   12.8   23.5   47.0   0.19   31.1   22.6   26.7   28.0   19.4   26.7   28.0  111.0  394.5   0.00   0.00 -99.00 2012275
 2012 276   124    7.5   12.0   12.8   23.1   46.2   0.20   32.1   22.8   27.2   28.8   19.9   27.2   28.8  121.0  394.5   0.00   0.00 -99.00 2012276
 2012 277   125    7.0   12.0   12.8   18.3   36.6   0.37   30.3   23.4   26.7   27.8   21.3   26.7   27.8  198.0  394.5   0.00   0.00 -99.00 2012277
 2012 278   126    5.3   12.0   12.8   21.1   42.2   0.27   29.1   23.6   26.2   27.1   21.6   26.2   27.1  154.0  394.5   0.00   0.00 -99.00 2012278
 2012 279   127    1.6   12.0   12.8   22.4   44.8   0.22   29.0   23.4   26.1   27.0   21.1   26.1   27.0   84.0  394.5   0.00   0.00 -99.00 2012279
 2012 280   128    4.2   12.0   12.8   23.9   47.8   0.17   31.3   23.0   27.0   28.3   20.0   27.0   28.3   84.0  394.5   0.00   0.00 -99.00 2012280
 2012 281   129    5.7   12.0   12.8   23.8   47.6   0.17   30.3   23.7   26.9   27.9   21.7   26.9   27.9  142.0  394.5   0.00   0.00 -99.00 2012281
 2012 282   130    0.4   12.0   12.8   22.4   44.8   0.22   28.7   23.6   26.0   26.9   21.3   26.0   26.9   91.0  394.5   0.00   0.00 -99.00 2012282
 2012 283   131    0.4   12.0   12.8   16.8   33.6   0.41   30.2   22.7   26.3   27.5   19.6   26.3   27.5   80.0  394.5   0.00   0.00 -99.00 2012283
 2012 284   132    0.2   12.0   12.8   20.1   40.2   0.30   31.3   23.2   27.1   28.4   19.6   27.1   28.4   80.0  394.5   0.00   0.00 -99.00 2012284
 2012 285   133    0.5   12.0   12.8   18.4   36.8   0.36   28.9   23.5   26.1   27.0   21.3   26.1   27.0  112.0  394.5   0.00   0.00 -99.00 2012285
 2012 286   134    0.9   12.0   12.8   21.3   42.6   0.26   32.0   22.8   27.2   28.7   19.6   27.2   28.7   80.0  394.5   0.00   0.00 -99.00 2012286
