*WEATHER MODULE DAILY OUTPUT FILE

*DSSAT Cropping System Model Ver. 4.8.2.000 -release  APR 22, 2025 15:19:20

*RUN   1        : F1 NE 4                   RICER048 CRDA1201    1
 MODEL          : RICER048 - Rice
 EXPERIMENT     : CRDA1201 WH ESSAI VARIETE DAROU PAKA 2012
 DATA PATH      :
 TREATMENT  1   : F1 NE 4                   RICER048
  
@YEAR DOY   DAS   PRED  DAYLD   TWLD   SRAD   PARD   CLDD   TMXD   TMND   TAVD   TDYD   TDWD   TGAD   TGRD   WDSD   CO2D   VPDF    VPD  OZON7   WDATE
 2012 153     1    0.0   12.0   12.9   23.7   47.4   0.12   40.0   23.8   31.5   34.2   10.0   31.5   34.2  222.0  393.6   0.00   0.00 -99.00 2012153
 2012 154     2    0.0   12.0   12.9   24.7   49.4   0.08   38.3   23.8   30.7   33.1   12.6   30.7   33.1  339.0  393.6   0.00   0.00 -99.00 2012154
 2012 155     3    0.6   12.0   12.9   22.3   44.6   0.17   39.6   24.7   31.8   34.2   12.4   31.8   34.2  177.0  393.6   0.00   0.00 -99.00 2012155
 2012 156     4    6.0   12.0   12.9   22.9   45.8   0.14   38.5   25.7   31.8   33.9   14.8   31.8   33.9  205.0  393.6   0.00   0.00 -99.00 2012156
 2012 157     5    0.0   12.0   12.9   24.0   48.0   0.10   39.6   24.8   31.9   34.3   14.6   31.9   34.3  236.0  393.6   0.00   0.00 -99.00 2012157
 2012 158     6    0.0   12.0   12.9   23.6   47.2   0.12   39.8   24.7   31.9   34.4   13.1   31.9   34.4  287.0  393.6   0.00   0.00 -99.00 2012158
 2012 159     7    0.0   12.0   12.9   24.2   48.4   0.09   39.5   23.7   31.3   33.8   12.1   31.3   33.8  253.0  393.6   0.00   0.00 -99.00 2012159
 2012 160     8    0.0   12.0   12.9   24.0   48.0   0.10   39.4   23.5   31.1   33.7   11.6   31.1   33.7  222.0  393.6   0.00   0.00 -99.00 2012160
 2012 161     9    0.0   12.0   12.9   23.8   47.6   0.11   40.1   25.1   32.3   34.7   13.4   32.3   34.7  255.0  393.6   0.00   0.00 -99.00 2012161
 2012 162    10    3.1   12.0   12.9   24.2   48.4   0.09   41.1   26.4   33.4   35.8   14.8   33.4   35.8  227.0  393.6   0.00   0.00 -99.00 2012162
 2012 163    11    1.7   12.0   12.9   20.8   41.6   0.22   39.4   25.7   32.3   34.5   15.5   32.3   34.5  314.0  393.6   0.00   0.00 -99.00 2012163
 2012 164    12    2.5   12.0   12.9   24.3   48.6   0.09   38.4   25.0   31.4   33.6   16.3   31.4   33.6  354.0  393.6   0.00   0.00 -99.00 2012164
 2012 165    13    3.8   12.0   12.9   16.4   32.8   0.38   36.2   24.6   30.1   32.0   17.4   30.1   32.0  319.0  393.6   0.00   0.00 -99.00 2012165
 2012 166    14    3.3   12.0   12.9   21.9   43.8   0.18   36.4   24.8   30.3   32.2   17.5   30.3   32.2  139.0  393.6   0.00   0.00 -99.00 2012166
 2012 167    15    4.4   12.0   12.9   23.9   47.8   0.10   35.5   25.6   30.3   31.9   17.6   30.3   31.9  238.0  393.8   0.00   0.00 -99.00 2012167
 2012 168    16    3.1   12.0   12.9   23.6   47.2   0.11   37.9   24.4   30.9   33.1   16.7   30.9   33.1  262.0  393.8   0.00   0.00 -99.00 2012168
 2012 169    17    8.9   12.0   12.9   21.3   42.6   0.20   32.7   25.4   28.9   30.1   20.5   28.9   30.1  327.0  393.8   0.00   0.00 -99.00 2012169
 2012 170    18    4.1   12.0   12.9   19.6   39.2   0.26   32.3   24.9   28.4   29.6   20.6   28.4   29.6  280.0  393.8   0.00   0.00 -99.00 2012170
 2012 171    19    1.9   12.0   12.9   22.8   45.6   0.14   34.3   23.9   28.9   30.6   18.7   28.9   30.6  236.0  393.8   0.00   0.00 -99.00 2012171
 2012 172    20    4.2   12.0   12.9   23.1   46.2   0.13   32.2   24.7   28.3   29.5   20.1   28.3   29.5  130.0  393.8   0.00   0.00 -99.00 2012172
 2012 173    21    3.0   12.0   12.9   22.7   45.4   0.15   36.2   24.5   30.1   32.0   18.2   30.1   32.0  223.0  393.8   0.00   0.00 -99.00 2012173
 2012 174    22    0.1   12.0   12.9   22.0   44.0   0.17   37.3   24.7   30.7   32.8   17.1   30.7   32.8  277.0  393.8   0.00   0.00 -99.00 2012174
 2012 175    23    3.8   12.0   12.9   17.7   35.4   0.33   31.9   24.7   28.1   29.3   20.6   28.1   29.3  350.0  393.8   0.00   0.00 -99.00 2012175
 2012 176    24    6.7   12.0   12.9   11.3   22.6   0.57   31.1   24.4   27.6   28.7   20.5   27.6   28.7  237.0  393.8   0.00   0.00 -99.00 2012176
 2012 177    25   21.8   12.0   12.9   18.4   36.8   0.31   31.3   23.4   27.2   28.5   19.7   27.2   28.5  202.0  393.8   0.00   0.00 -99.00 2012177
 2012 178    26    2.0   12.0   12.9   23.5   47.0   0.12   33.8   23.9   28.6   30.2   19.1   28.6   30.2  175.0  393.8   0.00   0.00 -99.00 2012178
 2012 179    27    5.2   12.0   12.9   20.1   40.2   0.24   30.3   24.0   27.0   28.0   20.2   27.0   28.0  210.0  393.8   0.00   0.00 -99.00 2012179
 2012 180    28    7.6   12.0   12.9   17.0   34.0   0.36   31.7   23.6   27.5   28.8   20.1   27.5   28.8  210.0  393.8   0.00   0.00 -99.00 2012180
 2012 181    29    7.1   12.0   12.9   18.8   37.6   0.29   30.1   24.2   27.0   28.0   21.2   27.0   28.0  170.0  393.8   0.00   0.00 -99.00 2012181
 2012 182    30    6.3   12.0   12.9   17.3   34.6   0.35   29.1   24.3   26.6   27.4   21.9   26.6   27.4  182.0  393.8   0.00   0.00 -99.00 2012182
 2012 183    31    2.9   12.0   12.9   19.1   38.2   0.28   30.6   23.7   27.0   28.1   20.7   27.0   28.1  234.0  393.8   0.00   0.00 -99.00 2012183
 2012 184    32   25.5   12.0   12.9   14.0   28.0   0.48   29.7   23.7   26.6   27.5   21.4   26.6   27.5  195.0  393.8   0.00   0.00 -99.00 2012184
 2012 185    33   12.6   12.0   12.9   14.9   29.8   0.44   29.4   24.0   26.6   27.5   21.6   26.6   27.5  129.0  393.8   0.00   0.00 -99.00 2012185
 2012 186    34    3.7   12.0   12.9   19.3   38.6   0.28   30.6   23.6   26.9   28.1   20.9   26.9   28.1  185.0  393.8   0.00   0.00 -99.00 2012186
 2012 187    35    8.3   12.0   12.9   19.1   38.2   0.29   31.3   23.1   27.0   28.4   20.1   27.0   28.4  205.0  393.8   0.00   0.00 -99.00 2012187
 2012 188    36    3.1   12.0   12.9   20.0   40.0   0.25   32.6   23.5   27.9   29.3   20.0   27.9   29.3  138.0  393.8   0.00   0.00 -99.00 2012188
 2012 189    37    5.4   12.0   12.9   14.3   28.6   0.47   28.0   23.8   25.8   26.5   22.1   25.8   26.5  199.0  393.8   0.00   0.00 -99.00 2012189
 2012 190    38    8.0   12.0   12.9   16.4   32.8   0.39   28.9   23.6   26.1   27.0   21.5   26.1   27.0  207.0  393.8   0.00   0.00 -99.00 2012190
 2012 191    39   15.3   12.0   12.9   19.3   38.6   0.28   30.7   23.6   27.0   28.2   20.7   27.0   28.2  155.0  393.8   0.00   0.00 -99.00 2012191
 2012 192    40    7.5   12.0   12.9   19.9   39.8   0.26   29.5   24.1   26.7   27.6   21.8   26.7   27.6  200.0  393.8   0.00   0.00 -99.00 2012192
 2012 193    41    4.4   12.0   12.9   21.6   43.2   0.20   31.3   23.1   27.0   28.4   20.4   27.0   28.4  198.0  393.8   0.00   0.00 -99.00 2012193
 2012 194    42   11.3   12.0   12.9   18.8   37.6   0.30   29.5   23.7   26.5   27.4   21.5   26.5   27.4  152.0  393.8   0.00   0.00 -99.00 2012194
 2012 195    43    8.2   12.0   12.9   13.7   27.4   0.49   30.5   23.9   27.1   28.1   21.1   27.1   28.1  156.0  393.8   0.00   0.00 -99.00 2012195
 2012 196    44   20.9   12.0   12.9   17.6   35.2   0.35   29.5   24.1   26.7   27.6   21.8   26.7   27.6  220.0  393.8   0.00   0.00 -99.00 2012196
 2012 197    45    5.5   12.0   12.9   14.2   28.4   0.47   27.2   24.1   25.6   26.1   22.6   25.6   26.1  242.0  394.1   0.00   0.00 -99.00 2012197
 2012 198    46    6.2   12.0   12.9   20.7   41.4   0.23   30.1   23.4   26.6   27.7   20.9   26.6   27.7  143.0  394.1   0.00   0.00 -99.00 2012198
 2012 199    47    9.5   12.0   12.9   18.4   36.8   0.32   30.2   23.4   26.7   27.8   21.0   26.7   27.8  138.0  394.1   0.00   0.00 -99.00 2012199
 2012 200    48    4.8   12.0   12.9   20.1   40.2   0.26   31.9   23.3   27.4   28.8   20.2   27.4   28.8  173.0  394.1   0.00   0.00 -99.00 2012200
 2012 201    49    5.4   12.0   12.9   19.7   39.4   0.27   30.3   24.0   27.0   28.0   21.5   27.0   28.0  213.0  394.1   0.00   0.00 -99.00 2012201
 2012 202    50    6.0   12.0   12.9   15.1   30.2   0.44   29.4   24.3   26.7   27.6   21.8   26.7   27.6  135.0  394.1   0.00   0.00 -99.00 2012202
 2012 203    51    8.3   12.0   12.9   14.8   29.6   0.46   28.2   24.1   26.1   26.7   22.2   26.1   26.7  204.0  394.1   0.00   0.00 -99.00 2012203
 2012 204    52    7.2   12.0   12.9   21.8   43.6   0.20   31.1   23.4   27.1   28.3   20.7   27.1   28.3  195.0  394.1   0.00   0.00 -99.00 2012204
 2012 205    53   27.6   12.0   12.9   14.9   29.8   0.45   29.5   24.1   26.7   27.6   22.0   26.7   27.6  260.0  394.1   0.00   0.00 -99.00 2012205
 2012 206    54    5.5   12.0   12.9   17.4   34.8   0.36   29.2   24.1   26.5   27.4   22.2   26.5   27.4  251.0  394.1   0.00   0.00 -99.00 2012206
 2012 207    55    8.3   12.0   12.9   20.2   40.4   0.26   30.5   22.6   26.4   27.7   20.2   26.4   27.7  225.0  394.1   0.00   0.00 -99.00 2012207
 2012 208    56   10.9   12.0   12.8   16.6   33.2   0.39   29.9   23.5   26.6   27.6   21.3   26.6   27.6  186.0  394.1   0.00   0.00 -99.00 2012208
 2012 209    57   14.0   12.0   12.8   19.9   39.8   0.27   30.1   24.4   27.1   28.1   22.3   27.1   28.1  141.0  394.1   0.00   0.00 -99.00 2012209
 2012 210    58    8.3   12.0   12.8   14.6   29.2   0.47   29.3   24.6   26.8   27.6   22.7   26.8   27.6   81.0  394.1   0.00   0.00 -99.00 2012210
 2012 211    59    7.5   12.0   12.8   17.8   35.6   0.35   28.5   24.1   26.2   26.9   22.1   26.2   26.9  153.0  394.1   0.00   0.00 -99.00 2012211
 2012 212    60    4.7   12.0   12.8   20.0   40.0   0.27   30.5   23.1   26.6   27.8   20.7   26.6   27.8  112.0  394.1   0.00   0.00 -99.00 2012212
 2012 213    61    5.3   12.0   12.8   18.5   37.0   0.33   30.7   24.2   27.3   28.4   21.6   27.3   28.4  153.0  394.1   0.00   0.00 -99.00 2012213
 2012 214    62    9.7   12.0   12.8   14.8   29.6   0.46   28.7   24.0   26.2   27.0   22.3   26.2   27.0  214.0  394.1   0.00   0.00 -99.00 2012214
 2012 215    63    3.2   12.0   12.8   17.8   35.6   0.36   28.3   23.7   25.9   26.6   21.8   25.9   26.6  213.0  394.1   0.00   0.00 -99.00 2012215
 2012 216    64    4.4   12.0   12.8   20.2   40.4   0.27   30.8   22.2   26.3   27.7   19.6   26.3   27.7  197.0  394.1   0.00   0.00 -99.00 2012216
 2012 217    65   29.2   12.0   12.8   18.8   37.6   0.32   30.1   24.1   27.0   27.9   22.0   27.0   27.9  238.0  394.1   0.00   0.00 -99.00 2012217
 2012 218    66   19.1   12.0   12.8   20.8   41.6   0.25   29.8   24.0   26.8   27.7   21.5   26.8   27.7  185.0  394.1   0.00   0.00 -99.00 2012218
 2012 219    67    4.7   12.0   12.8   19.1   38.2   0.31   28.5   23.6   25.9   26.7   21.5   25.9   26.7  212.0  394.1   0.00   0.00 -99.00 2012219
 2012 220    68    3.6   12.0   12.8   23.1   46.2   0.17   30.7   22.8   26.6   27.9   20.3   26.6   27.9  191.0  394.1   0.00   0.00 -99.00 2012220
 2012 221    69   11.1   12.0   12.8   21.5   43.0   0.23   29.9   24.1   26.9   27.8   22.2   26.9   27.8  256.0  394.1   0.00   0.00 -99.00 2012221
 2012 222    70    4.2   12.0   12.8   13.3   26.6   0.52   29.5   23.8   26.5   27.5   21.4   26.5   27.5  222.0  394.1   0.00   0.00 -99.00 2012222
 2012 223    71   11.7   12.0   12.8   21.4   42.8   0.23   30.2   23.0   26.4   27.6   20.9   26.4   27.6  300.0  394.1   0.00   0.00 -99.00 2012223
 2012 224    72   27.7   12.0   12.8   17.4   34.8   0.38   29.9   23.0   26.3   27.4   20.9   26.3   27.4  151.0  394.1   0.00   0.00 -99.00 2012224
 2012 225    73   11.6   12.0   12.8   20.0   40.0   0.29   28.4   24.1   26.2   26.9   22.0   26.2   26.9   99.0  394.1   0.00   0.00 -99.00 2012225
 2012 226    74   20.4   12.0   12.8   17.5   35.0   0.38   28.7   23.8   26.1   26.9   22.1   26.1   26.9  132.0  394.1   0.00   0.00 -99.00 2012226
 2012 227    75   13.9   12.0   12.8   12.5   25.0   0.56   27.2   23.4   25.2   25.8   22.0   25.2   25.8  253.0  394.1   0.00   0.00 -99.00 2012227
 2012 228    76    7.5   12.0   12.8   19.7   39.4   0.30   30.6   22.9   26.6   27.8   20.5   26.6   27.8  162.0  394.3   0.00   0.00 -99.00 2012228
 2012 229    77   11.8   12.0   12.8   18.7   37.4   0.34   29.6   23.8   26.6   27.5   21.8   26.6   27.5  126.0  394.3   0.00   0.00 -99.00 2012229
 2012 230    78   11.1   12.0   12.8   18.2   36.4   0.36   28.7   24.4   26.5   27.2   22.7   26.5   27.2  143.0  394.3   0.00   0.00 -99.00 2012230
 2012 231    79    8.7   12.0   12.8   11.8   23.6   0.58   27.3   23.9   25.5   26.1   22.4   25.5   26.1  267.0  394.3   0.00   0.00 -99.00 2012231
 2012 232    80    6.7   12.0   12.8   22.2   44.4   0.22   30.2   23.7   26.8   27.9   21.3   26.8   27.9  159.0  394.3   0.00   0.00 -99.00 2012232
 2012 233    81   11.0   12.0   12.8   20.6   41.2   0.27   30.6   24.3   27.3   28.3   22.3   27.3   28.3  138.0  394.3   0.00   0.00 -99.00 2012233
 2012 234    82   11.0   12.0   12.8   16.2   32.4   0.43   30.2   24.2   27.1   28.0   22.2   27.1   28.0  190.0  394.3   0.00   0.00 -99.00 2012234
 2012 235    83   16.2   12.0   12.8   17.6   35.2   0.38   29.0   24.3   26.5   27.3   22.7   26.5   27.3  229.0  394.3   0.00   0.00 -99.00 2012235
 2012 236    84    8.0   12.0   12.8   19.4   38.8   0.32   29.2   23.9   26.4   27.3   21.8   26.4   27.3  223.0  394.3   0.00   0.00 -99.00 2012236
 2012 237    85    9.6   12.0   12.8   16.0   32.0   0.44   29.9   23.5   26.6   27.6   21.7   26.6   27.6  220.0  394.3   0.00   0.00 -99.00 2012237
 2012 238    86   17.3   12.0   12.8   18.3   36.6   0.36   29.6   23.2   26.3   27.3   21.2   26.3   27.3  194.0  394.3   0.00   0.00 -99.00 2012238
 2012 239    87   21.3   12.0   12.8   18.8   37.6   0.34   27.4   24.3   25.8   26.3   23.0   25.8   26.3  209.0  394.3   0.00   0.00 -99.00 2012239
 2012 240    88    5.2   12.0   12.8   19.0   38.0   0.34   29.1   23.6   26.2   27.1   21.8   26.2   27.1  159.0  394.3   0.00   0.00 -99.00 2012240
 2012 241    89    5.9   12.0   12.8   19.0   38.0   0.34   29.1   23.1   26.0   26.9   21.3   26.0   26.9  168.0  394.3   0.00   0.00 -99.00 2012241
 2012 242    90    9.2   12.0   12.8   19.0   38.0   0.34   30.1   23.2   26.5   27.6   21.2   26.5   27.6  169.0  394.3   0.00   0.00 -99.00 2012242
 2012 243    91    7.0   12.0   12.8   23.2   46.4   0.19   29.1   23.8   26.3   27.2   22.2   26.3   27.2  177.0  394.3   0.00   0.00 -99.00 2012243
 2012 244    92   12.0   12.0   12.8   15.8   31.6   0.45   28.9   23.8   26.2   27.1   22.1   26.2   27.1  220.0  394.3   0.00   0.00 -99.00 2012244
 2012 245    93   13.2   12.0   12.8   14.0   28.0   0.51   29.5   23.5   26.4   27.3   21.7   26.4   27.3  232.0  394.3   0.00   0.00 -99.00 2012245
 2012 246    94   17.3   12.0   12.8   13.7   27.4   0.52   26.5   22.9   24.6   25.2   21.6   24.6   25.2  229.0  394.3   0.00   0.00 -99.00 2012246
 2012 247    95   20.7   12.0   12.8   17.5   35.0   0.39   29.8   22.2   25.8   27.1   20.1   25.8   27.1  202.0  394.3   0.00   0.00 -99.00 2012247
 2012 248    96   17.3   12.0   12.8   16.3   32.6   0.43   30.1   22.8   26.3   27.5   20.9   26.3   27.5  198.0  394.3   0.00   0.00 -99.00 2012248
 2012 249    97   26.6   12.0   12.8   12.6   25.2   0.56   28.0   23.8   25.8   26.5   22.6   25.8   26.5  208.0  394.3   0.00   0.00 -99.00 2012249
 2012 250    98   37.2   12.0   12.8   11.6   23.2   0.60   27.5   24.2   25.8   26.3   23.1   25.8   26.3  245.0  394.3   0.00   0.00 -99.00 2012250
 2012 251    99   25.8   12.0   12.8   16.3   32.6   0.44   29.2   23.8   26.4   27.3   22.3   26.4   27.3  227.0  394.3   0.00   0.00 -99.00 2012251
 2012 252   100    3.4   12.0   12.8   19.1   38.2   0.34   30.1   23.4   26.6   27.7   21.5   26.6   27.7  270.0  394.3   0.00   0.00 -99.00 2012252
 2012 253   101    8.1   12.0   12.8   21.4   42.8   0.26   31.2   22.4   26.6   28.0   20.0   26.6   28.0  124.0  394.3   0.00   0.00 -99.00 2012253
 2012 254   102   10.0   12.0   12.8   20.8   41.6   0.28   29.4   23.9   26.5   27.4   22.2   26.5   27.4  179.0  394.3   0.00   0.00 -99.00 2012254
 2012 255   103    6.5   12.0   12.8   21.8   43.6   0.25   29.2   24.1   26.5   27.4   22.4   26.5   27.4  129.0  394.3   0.00   0.00 -99.00 2012255
 2012 256   104    4.9   12.0   12.8   18.1   36.2   0.37   29.6   24.0   26.7   27.6   22.3   26.7   27.6  136.0  394.3   0.00   0.00 -99.00 2012256
 2012 257   105    4.5   12.0   12.8   14.9   29.8   0.49   29.4   23.9   26.5   27.4   22.3   26.5   27.4  142.0  394.3   0.00   0.00 -99.00 2012257
 2012 258   106    2.8   12.0   12.8   20.9   41.8   0.28   29.6   24.0   26.7   27.6   22.0   26.7   27.6  125.0  394.3   0.00   0.00 -99.00 2012258
 2012 259   107    2.7   12.0   12.8   14.9   29.8   0.49   29.2   24.2   26.6   27.4   22.5   26.6   27.4  111.0  394.5   0.00   0.00 -99.00 2012259
 2012 260   108    1.8   12.0   12.8   22.2   44.4   0.23   30.2   23.2   26.5   27.7   21.2   26.5   27.7  119.0  394.5   0.00   0.00 -99.00 2012260
 2012 261   109    3.2   12.0   12.8   20.9   41.8   0.28   31.2   23.4   27.1   28.4   21.0   27.1   28.4  125.0  394.5   0.00   0.00 -99.00 2012261
 2012 262   110   11.5   12.0   12.8   14.8   29.6   0.49   28.5   23.8   26.0   26.8   22.3   26.0   26.8  126.0  394.5   0.00   0.00 -99.00 2012262
 2012 263   111   17.2   12.0   12.8   13.2   26.4   0.54   28.8   23.2   25.9   26.8   21.2   25.9   26.8  127.0  394.5   0.00   0.00 -99.00 2012263
 2012 264   112   13.0   12.0   12.8   14.7   29.4   0.49   30.1   23.2   26.5   27.6   20.6   26.5   27.6  110.0  394.5   0.00   0.00 -99.00 2012264
 2012 265   113   13.6   12.0   12.8   16.4   32.8   0.43   29.8   22.9   26.2   27.3   20.8   26.2   27.3  172.0  394.5   0.00   0.00 -99.00 2012265
 2012 266   114    8.0   12.0   12.8   17.2   34.4   0.41   29.6   23.8   26.6   27.5   21.9   26.6   27.5  230.0  394.5   0.00   0.00 -99.00 2012266
 2012 267   115   13.7   12.0   12.8   19.1   38.2   0.34   29.9   23.3   26.5   27.5   21.2   26.5   27.5  183.0  394.5   0.00   0.00 -99.00 2012267
 2012 268   116   12.0   12.0   12.8   19.6   39.2   0.32   29.6   23.8   26.6   27.5   21.7   26.6   27.5  137.0  394.5   0.00   0.00 -99.00 2012268
 2012 269   117   12.7   12.0   12.8   18.8   37.6   0.35   29.5   23.5   26.4   27.3   21.5   26.4   27.3  139.0  394.5   0.00   0.00 -99.00 2012269
 2012 270   118   10.7   12.0   12.8   22.3   44.6   0.23   30.9   24.3   27.5   28.5   22.0   27.5   28.5   96.0  394.5   0.00   0.00 -99.00 2012270
 2012 271   119    9.2   12.0   12.8   22.0   44.0   0.24   29.1   24.1   26.5   27.3   22.7   26.5   27.3  159.0  394.5   0.00   0.00 -99.00 2012271
 2012 272   120    7.5   12.0   12.8   19.6   39.2   0.32   30.1   24.2   27.0   28.0   22.2   27.0   28.0  122.0  394.5   0.00   0.00 -99.00 2012272
 2012 273   121    6.0   12.0   12.8   20.2   40.4   0.30   28.8   23.4   26.0   26.9   21.6   26.0   26.9  212.0  394.5   0.00   0.00 -99.00 2012273
 2012 274   122   10.9   12.0   12.8   18.9   37.8   0.35   29.1   23.3   26.1   27.0   20.7   26.1   27.0   90.0  394.5   0.00   0.00 -99.00 2012274
 2012 275   123    2.6   12.0   12.8   21.2   42.4   0.27   31.1   23.6   27.2   28.4   20.1   27.2   28.4   91.0  394.5   0.00   0.00 -99.00 2012275
 2012 276   124    5.5   12.0   12.8   22.7   45.4   0.21   32.1   23.2   27.5   28.9   20.1   27.5   28.9  132.0  394.5   0.00   0.00 -99.00 2012276
 2012 277   125    8.2   12.0   12.8   18.6   37.2   0.36   30.6   23.4   26.8   28.0   21.4   26.8   28.0  198.0  394.5   0.00   0.00 -99.00 2012277
 2012 278   126    6.4   12.0   12.8   17.4   34.8   0.40   29.5   23.8   26.5   27.5   21.7   26.5   27.5  132.0  394.5   0.00   0.00 -99.00 2012278
 2012 279   127    1.8   12.0   12.8   22.4   44.8   0.22   30.0   24.0   26.9   27.8   21.2   26.9   27.8   70.0  394.5   0.00   0.00 -99.00 2012279
 2012 280   128    3.6   12.0   12.8   21.2   42.4   0.26   31.9   23.5   27.5   28.9   19.7   27.5   28.9   82.0  394.5   0.00   0.00 -99.00 2012280
 2012 281   129    5.8   12.0   12.8   20.3   40.6   0.29   31.6   24.0   27.6   28.9   21.7   27.6   28.9  155.0  394.5   0.00   0.00 -99.00 2012281
 2012 282   130    0.9   12.0   12.8   18.5   37.0   0.36   29.2   24.0   26.5   27.3   21.5   26.5   27.3  113.0  394.5   0.00   0.00 -99.00 2012282
 2012 283   131    1.0   12.0   12.8   18.7   37.4   0.35   29.8   23.5   26.5   27.5   20.7   26.5   27.5   96.0  394.5   0.00   0.00 -99.00 2012283
 2012 284   132    0.6   12.0   12.8   16.7   33.4   0.42   29.6   23.3   26.3   27.3   20.7   26.3   27.3   84.0  394.5   0.00   0.00 -99.00 2012284
 2012 285   133    1.1   12.0   12.8   20.2   40.4   0.30   28.8   23.8   26.2   27.0   21.6   26.2   27.0  100.0  394.5   0.00   0.00 -99.00 2012285
 2012 286   134    2.2   12.0   12.8   18.2   36.4   0.36   32.0   23.3   27.5   28.9   20.3   27.5   28.9   80.0  394.5   0.00   0.00 -99.00 2012286
 2012 287   135    1.4   12.0   12.8   21.2   42.4   0.26   29.1   24.3   26.6   27.4   22.6   26.6   27.4  140.0  394.5   0.00   0.00 -99.00 2012287
 2012 288   136    1.0   12.0   12.8   21.0   42.0   0.27   29.2   23.9   26.4   27.3   22.4   26.4   27.3  154.0  394.5   0.00   0.00 -99.00 2012288
 2012 289   137    0.6   12.0   12.8   22.4   44.8   0.22   29.7   23.8   26.6   27.6   21.8   26.6   27.6   95.0  394.8   0.00   0.00 -99.00 2012289
 2012 290   138    0.9   12.0   12.8   21.9   43.8   0.23   31.6   23.8   27.5   28.8   21.1   27.5   28.8  112.0  394.8   0.00   0.00 -99.00 2012290
 2012 291   139    1.2   12.0   12.8   18.4   36.8   0.35   29.7   24.1   26.8   27.7   21.7   26.8   27.7  105.0  394.8   0.00   0.00 -99.00 2012291
 2012 292   140    2.0   12.0   12.8   16.9   33.8   0.41   31.0   24.4   27.6   28.6   21.9   27.6   28.6  136.0  394.8   0.00   0.00 -99.00 2012292
 2012 293   141    2.9   12.0   12.8   19.8   39.6   0.30   30.8   23.4   26.9   28.1   20.9   26.9   28.1  117.0  394.8   0.00   0.00 -99.00 2012293
 2012 294   142    2.4   12.0   12.8   13.7   27.4   0.52   29.1   24.0   26.4   27.3   22.1   26.4   27.3  119.0  394.8   0.00   0.00 -99.00 2012294
 2012 295   143    2.9   12.0   12.8   19.8   39.6   0.30   27.8   23.8   25.7   26.4   21.3   25.7   26.4  111.0  394.8   0.00   0.00 -99.00 2012295
 2012 296   144    1.6   12.0   12.8   13.4   26.8   0.53   29.7   23.0   26.2   27.3   19.8   26.2   27.3   88.0  394.8   0.00   0.00 -99.00 2012296
 2012 297   145    0.5   12.0   12.8   17.4   34.8   0.38   31.2   23.8   27.3   28.5   20.3   27.3   28.5   75.0  394.8   0.00   0.00 -99.00 2012297
 2012 298   146    0.2   12.0   12.8   22.5   45.0   0.20   32.4   23.4   27.7   29.2   19.4   27.7   29.2  102.0  394.8   0.00   0.00 -99.00 2012298
 2012 299   147    0.3   12.0   12.8   21.5   43.0   0.24   32.7   24.1   28.2   29.6   19.9   28.2   29.6   82.0  394.8   0.00   0.00 -99.00 2012299
 2012 300   148    0.1   12.0   12.8   22.6   45.2   0.20   33.3   23.1   28.0   29.6   19.2   28.0   29.6  132.0  394.8   0.00   0.00 -99.00 2012300
 2012 301   149    0.3   12.0   12.8   21.2   42.4   0.25   33.1   22.2   27.4   29.2   17.8   27.4   29.2  105.0  394.8   0.00   0.00 -99.00 2012301
 2012 302   150    2.3   12.0   12.8   19.5   39.0   0.31   31.2   23.2   27.0   28.3   20.3   27.0   28.3  122.0  394.8   0.00   0.00 -99.00 2012302
 2012 303   151    0.8   12.0   12.8   17.7   35.4   0.37   30.4   24.0   27.1   28.1   20.1   27.1   28.1   98.0  394.8   0.00   0.00 -99.00 2012303
 2012 304   152    3.8   12.0   12.8   20.7   41.4   0.26   30.7   23.8   27.1   28.2   21.1   27.1   28.2  130.0  394.8   0.00   0.00 -99.00 2012304
 2012 305   153    2.8   12.0   12.8   20.8   41.6   0.26   29.3   23.4   26.2   27.2   21.3   26.2   27.2  114.0  394.8   0.00   0.00 -99.00 2012305
 2012 306   154    2.4   12.0   12.8   20.2   40.4   0.28   29.3   23.9   26.5   27.4   21.9   26.5   27.4  127.0  394.8   0.00   0.00 -99.00 2012306
 2012 307   155    0.0   12.0   12.8   21.6   43.2   0.22   33.1   23.2   27.9   29.5   18.8   27.9   29.5  140.0  394.8   0.00   0.00 -99.00 2012307
 2012 308   156    0.1   12.0   12.8   22.8   45.6   0.18   33.5   23.6   28.3   29.9   19.6   28.3   29.9  138.0  394.8   0.00   0.00 -99.00 2012308
 2012 309   157    0.1   12.0   12.8   20.1   40.2   0.28   31.4   23.3   27.2   28.5   20.4   27.2   28.5  132.0  394.8   0.00   0.00 -99.00 2012309
 2012 310   158    0.2   12.0   12.8   17.7   35.4   0.36   29.4   23.6   26.4   27.3   21.7   26.4   27.3  123.0  394.8   0.00   0.00 -99.00 2012310
 2012 311   159    0.1   12.0   12.8   18.4   36.8   0.34   30.1   22.9   26.3   27.5   20.3   26.3   27.5   98.0  394.8   0.00   0.00 -99.00 2012311
 2012 312   160    0.3   12.0   12.8   22.1   44.2   0.20   31.4   23.1   27.1   28.4   19.5   27.1   28.4   78.0  394.8   0.00   0.00 -99.00 2012312
 2012 313   161    1.1   12.0   12.8   19.5   39.0   0.29   30.7   23.3   26.8   28.0   20.6   26.8   28.0  123.0  394.8   0.00   0.00 -99.00 2012313
 2012 314   162    1.1   12.0   12.8   20.6   41.2   0.25   30.1   22.9   26.3   27.5   20.6   26.3   27.5  128.0  394.8   0.00   0.00 -99.00 2012314
 2012 315   163    1.4   12.0   12.8   19.8   39.6   0.28   31.2   23.7   27.3   28.5   20.8   27.3   28.5   98.0  394.8   0.00   0.00 -99.00 2012315
 2012 316   164    1.0   12.0   12.8   10.4   20.8   0.62   28.9   24.0   26.3   27.1   21.6   26.3   27.1  148.0  394.8   0.00   0.00 -99.00 2012316
 2012 317   165    0.0   12.0   12.8   18.7   37.4   0.32   32.5   22.5   27.3   28.9   18.8   27.3   28.9  128.0  394.8   0.00   0.00 -99.00 2012317
 2012 318   166    0.0   12.0   12.8   19.7   39.4   0.28   32.6   23.4   27.8   29.3   19.6   27.8   29.3  106.0  394.8   0.00   0.00 -99.00 2012318
 2012 319   167    0.0   12.0   12.8   15.8   31.6   0.42   30.1   23.2   26.5   27.6   18.8   26.5   27.6   95.0  394.8   0.00   0.00 -99.00 2012319
 2012 320   168    0.0   12.0   12.8   15.8   31.6   0.42   32.6   22.2   27.2   28.9   16.3   27.2   28.9  112.0  395.0   0.00   0.00 -99.00 2012320
