*WEATHER MODULE DAILY OUTPUT FILE

*DSSAT Cropping System Model Ver. 4.8.2.000 -release  FEB 18, 2025 01:32:02

*RUN   1        : F1 NE 4                   RICER048 CRDA1201    1
 MODEL          : RICER048 - Rice
 EXPERIMENT     : CRDA1201 WH ESSAI VARIETE DAROU PAKA 2012
 DATA PATH      :
 TREATMENT  1   : F1 NE 4                   RICER048
  
@YEAR DOY   DAS   PRED  DAYLD   TWLD   SRAD   PARD   CLDD   TMXD   TMND   TAVD   TDYD   TDWD   TGAD   TGRD   WDSD   CO2D   VPDF    VPD  OZON7   WDATE
 2012 153     1    4.5   12.0   12.9   16.2   32.4   0.40   36.3   22.6   29.2   31.4   18.5   29.2   31.4   85.0  393.6   0.00   0.00 -99.00 2012153
 2012 154     2    0.0   12.0   12.9   24.1   48.2   0.10   37.3   24.3   30.5   32.6   18.1   30.5   32.6   72.0  393.6   0.00   0.00 -99.00 2012154
 2012 155     3    0.0   12.0   12.9   23.3   46.6   0.13   38.2   24.8   31.2   33.4   16.2   31.2   33.4   62.0  393.6   0.00   0.00 -99.00 2012155
 2012 156     4    0.0   12.0   12.9   22.7   45.4   0.15   37.4   26.3   31.6   33.4   18.2   31.6   33.4   69.0  393.6   0.00   0.00 -99.00 2012156
 2012 157     5    0.0   12.0   12.9   23.3   46.6   0.13   39.4   24.9   31.8   34.2   16.6   31.8   34.2   67.0  393.6   0.00   0.00 -99.00 2012157
 2012 158     6    0.0   12.0   12.9   23.4   46.8   0.12   38.8   25.8   32.0   34.1   18.1   32.0   34.1   69.0  393.6   0.00   0.00 -99.00 2012158
 2012 159     7    0.5   12.0   12.9   24.3   48.6   0.09   39.5   26.7   32.8   34.9   18.8   32.8   34.9   70.0  393.6   0.00   0.00 -99.00 2012159
 2012 160     8    0.0   12.0   12.9   22.1   44.2   0.17   39.5   26.8   32.9   34.9   16.0   32.9   34.9  109.0  393.6   0.00   0.00 -99.00 2012160
 2012 161     9    0.0   12.0   12.9   21.1   42.2   0.21   37.7   27.9   32.6   34.2   18.2   32.6   34.2   89.0  393.6   0.00   0.00 -99.00 2012161
 2012 162    10    4.5   12.0   12.9   22.1   44.2   0.17   38.0   28.0   32.8   34.4   18.7   32.8   34.4   90.0  393.6   0.00   0.00 -99.00 2012162
 2012 163    11    0.0   12.0   12.9   24.2   48.4   0.09   38.4   21.6   29.6   32.4   13.9   29.6   32.4  103.0  393.6   0.00   0.00 -99.00 2012163
 2012 164    12    0.0   12.0   12.9   25.0   50.0   0.06   38.7   25.4   31.8   33.9   15.7   31.8   33.9   55.0  393.6   0.00   0.00 -99.00 2012164
 2012 165    13    0.0   12.0   12.9   23.7   47.4   0.11   39.4   28.4   33.7   35.5   16.7   33.7   35.5   79.0  393.6   0.00   0.00 -99.00 2012165
 2012 166    14    0.0   12.0   12.9   23.9   47.8   0.10   39.8   27.4   33.3   35.3   15.4   33.3   35.3   98.0  393.6   0.00   0.00 -99.00 2012166
 2012 167    15    0.0   12.0   12.9   25.1   50.2   0.06   39.9   25.5   32.4   34.7    9.7   32.4   34.7   75.0  393.8   0.00   0.00 -99.00 2012167
 2012 168    16    0.0   12.0   12.9   24.0   48.0   0.10   40.6   26.2   33.1   35.4   14.3   33.1   35.4   69.0  393.8   0.00   0.00 -99.00 2012168
 2012 169    17    0.0   12.0   12.9   24.2   48.4   0.09   39.8   28.0   33.6   35.6   15.6   33.6   35.6   90.0  393.8   0.00   0.00 -99.00 2012169
 2012 170    18    0.0   12.0   12.9   21.4   42.8   0.19   40.4   25.4   32.6   35.0   15.1   32.6   35.0   92.0  393.8   0.00   0.00 -99.00 2012170
 2012 171    19    0.0   12.0   12.9   24.4   48.8   0.08   40.9   26.7   33.5   35.8   15.6   33.5   35.8   71.0  393.8   0.00   0.00 -99.00 2012171
 2012 172    20    0.0   12.0   12.9   23.4   46.8   0.12   40.5   28.2   34.1   36.1   17.4   34.1   36.1  113.0  393.8   0.00   0.00 -99.00 2012172
 2012 173    21    0.0   12.0   12.9   18.7   37.4   0.30   39.4   26.3   32.6   34.7   17.0   32.6   34.7  155.0  393.8   0.00   0.00 -99.00 2012173
 2012 174    22    0.0   12.0   12.9   24.5   49.0   0.08   40.2   24.6   32.1   34.6   14.8   32.1   34.6   72.0  393.8   0.00   0.00 -99.00 2012174
 2012 175    23    0.0   12.0   12.9   20.9   41.8   0.21   39.8   27.3   33.3   35.3   16.9   33.3   35.3   80.0  393.8   0.00   0.00 -99.00 2012175
 2012 176    24    0.0   12.0   12.9   22.2   44.4   0.16   40.5   28.9   34.4   36.3   16.5   34.4   36.3  138.0  393.8   0.00   0.00 -99.00 2012176
 2012 177    25    0.0   12.0   12.9   21.6   43.2   0.19   39.0   27.3   32.9   34.8   16.0   32.9   34.8  142.0  393.8   0.00   0.00 -99.00 2012177
 2012 178    26    0.0   12.0   12.9   22.3   44.6   0.16   39.8   27.8   33.5   35.5   16.4   33.5   35.5  138.0  393.8   0.00   0.00 -99.00 2012178
 2012 179    27    0.0   12.0   12.9   21.7   43.4   0.18   39.6   26.5   32.8   34.9   12.4   32.8   34.9  112.0  393.8   0.00   0.00 -99.00 2012179
 2012 180    28   41.0   12.0   12.9   23.8   47.6   0.11   40.3   25.3   32.5   34.9   12.7   32.5   34.9  105.0  393.8   0.00   0.00 -99.00 2012180
 2012 181    29   25.0   12.0   12.9   21.5   43.0   0.19   36.8   21.3   28.7   31.2   15.9   28.7   31.2   78.0  393.8   0.00   0.00 -99.00 2012181
 2012 182    30    1.5   12.0   12.9   14.5   29.0   0.46   32.6   21.1   26.6   28.5   16.9   26.6   28.5  105.0  393.8   0.00   0.00 -99.00 2012182
 2012 183    31    2.0   12.0   12.9   15.8   31.6   0.41   33.2   26.2   29.5   30.7   22.1   29.5   30.7   81.0  393.8   0.00   0.00 -99.00 2012183
 2012 184    32    4.0   12.0   12.9   23.4   46.8   0.12   34.8   23.5   28.9   30.7   18.6   28.9   30.7   67.0  393.8   0.00   0.00 -99.00 2012184
 2012 185    33    2.0   12.0   12.9   15.1   30.2   0.43   33.9   23.8   28.6   30.3   20.2   28.6   30.3   44.0  393.8   0.00   0.00 -99.00 2012185
 2012 186    34    0.0   12.0   12.9   23.4   46.8   0.12   36.8   25.4   30.9   32.7   20.2   30.9   32.7   72.0  393.8   0.00   0.00 -99.00 2012186
 2012 187    35    0.0   12.0   12.9   24.8   49.6   0.07   37.6   27.3   32.2   33.9   20.0   32.2   33.9   99.0  393.8   0.00   0.00 -99.00 2012187
 2012 188    36    0.0   12.0   12.9   18.6   37.2   0.30   35.3   26.8   30.9   32.2   19.5   30.9   32.2  137.0  393.8   0.00   0.00 -99.00 2012188
 2012 189    37    0.0   12.0   12.9   21.0   42.0   0.22   36.4   25.9   30.9   32.6   18.4   30.9   32.6   89.0  393.8   0.00   0.00 -99.00 2012189
 2012 190    38    0.0   12.0   12.9   22.5   45.0   0.16   36.9   25.6   31.0   32.8   18.2   31.0   32.8   80.0  393.8   0.00   0.00 -99.00 2012190
 2012 191    39    0.0   12.0   12.9   23.9   47.8   0.11   37.3   25.3   31.0   33.0   17.9   31.0   33.0   71.0  393.8   0.00   0.00 -99.00 2012191
 2012 192    40    0.0   12.0   12.9   21.8   43.6   0.19   38.0   27.0   32.3   34.1   18.7   32.3   34.1  108.0  393.8   0.00   0.00 -99.00 2012192
 2012 193    41    0.0   12.0   12.9   24.5   49.0   0.09   39.4   27.0   32.9   34.9   16.2   32.9   34.9   89.0  393.8   0.00   0.00 -99.00 2012193
 2012 194    42    0.0   12.0   12.9   17.2   34.4   0.36   36.9   27.5   32.0   33.5   20.0   32.0   33.5  107.0  393.8   0.00   0.00 -99.00 2012194
 2012 195    43    0.0   12.0   12.9   14.0   28.0   0.48   34.6   27.8   31.1   32.2   20.6   31.1   32.2  110.0  393.8   0.00   0.00 -99.00 2012195
 2012 196    44    0.0   12.0   12.9   18.8   37.6   0.30   37.5   26.8   31.9   33.7   19.3   31.9   33.7   96.0  393.8   0.00   0.00 -99.00 2012196
 2012 197    45   34.0   12.0   12.9   21.6   43.2   0.20   37.9   26.7   32.1   33.9   20.1   32.1   33.9  125.0  394.1   0.00   0.00 -99.00 2012197
 2012 198    46    0.0   12.0   12.9   15.9   31.8   0.41   32.1   21.4   26.5   28.3   18.5   26.5   28.3   90.0  394.1   0.00   0.00 -99.00 2012198
 2012 199    47    0.0   12.0   12.9   23.4   46.8   0.13   33.6   25.1   29.2   30.5   20.7   29.2   30.5   79.0  394.1   0.00   0.00 -99.00 2012199
 2012 200    48   26.0   12.0   12.9   24.8   49.6   0.08   35.1   24.6   29.6   31.3   20.5   29.6   31.3   73.0  394.1   0.00   0.00 -99.00 2012200
 2012 201    49    0.0   12.0   12.9   17.8   35.6   0.34   33.1   21.8   27.2   29.0   19.3   27.2   29.0   53.0  394.1   0.00   0.00 -99.00 2012201
 2012 202    50    0.0   12.0   12.9   24.5   49.0   0.10   34.1   25.0   29.4   30.8   20.0   29.4   30.8   70.0  394.1   0.00   0.00 -99.00 2012202
 2012 203    51    0.0   12.0   12.9   22.5   45.0   0.17   35.2   26.4   30.6   32.0   20.4   30.6   32.0   80.0  394.1   0.00   0.00 -99.00 2012203
 2012 204    52    0.0   12.0   12.9   17.8   35.6   0.35   34.6   25.5   29.9   31.3   21.5   29.9   31.3   64.0  394.1   0.00   0.00 -99.00 2012204
 2012 205    53    0.0   12.0   12.9   19.6   39.2   0.28   34.4   24.2   29.1   30.7   20.0   29.1   30.7   63.0  394.1   0.00   0.00 -99.00 2012205
 2012 206    54    0.0   12.0   12.9   23.8   47.6   0.13   36.5   25.7   30.9   32.6   19.2   30.9   32.6   68.0  394.1   0.00   0.00 -99.00 2012206
 2012 207    55    0.0   12.0   12.9   19.2   38.4   0.30   35.2   26.7   30.8   32.1   20.9   30.8   32.1   86.0  394.1   0.00   0.00 -99.00 2012207
 2012 208    56    0.0   12.0   12.8   25.0   50.0   0.09   39.5   25.1   32.0   34.3   16.9   32.0   34.3   75.0  394.1   0.00   0.00 -99.00 2012208
 2012 209    57    0.0   12.0   12.8   24.9   49.8   0.09   39.1   25.9   32.2   34.4   18.6   32.2   34.4   71.0  394.1   0.00   0.00 -99.00 2012209
 2012 210    58    5.0   12.0   12.8   22.0   44.0   0.20   36.4   26.5   31.2   32.8   19.3   31.2   32.8   87.0  394.1   0.00   0.00 -99.00 2012210
 2012 211    59   20.0   12.0   12.8    9.4   18.8   0.66   29.9   20.8   25.2   26.6   18.1   25.2   26.6   60.0  394.1   0.00   0.00 -99.00 2012211
 2012 212    60    0.0   12.0   12.8   25.6   51.2   0.07   35.5   24.3   29.7   31.5   20.1   29.7   31.5   35.0  394.1   0.00   0.00 -99.00 2012212
 2012 213    61    0.0   12.0   12.8   21.9   43.8   0.21   34.7   24.2   29.2   30.9   19.9   29.2   30.9   62.0  394.1   0.00   0.00 -99.00 2012213
 2012 214    62    0.0   12.0   12.8   22.3   44.6   0.19   35.2   25.6   30.2   31.8   20.3   30.2   31.8   74.0  394.1   0.00   0.00 -99.00 2012214
 2012 215    63    0.0   12.0   12.8   19.9   39.8   0.28   35.0   25.9   30.3   31.7   21.2   30.3   31.7   88.0  394.1   0.00   0.00 -99.00 2012215
 2012 216    64    0.0   12.0   12.8   15.2   30.4   0.45   33.5   24.6   28.9   30.3   20.0   28.9   30.3   59.0  394.1   0.00   0.00 -99.00 2012216
 2012 217    65   65.0   12.0   12.8   14.8   29.6   0.47   34.6   24.9   29.5   31.1   21.5   29.5   31.1   62.0  394.1   0.00   0.00 -99.00 2012217
 2012 218    66    0.0   12.0   12.8   13.5   27.0   0.51   30.8   23.3   26.9   28.1   21.1   26.9   28.1   74.0  394.1   0.00   0.00 -99.00 2012218
 2012 219    67    0.0   12.0   12.8   17.5   35.0   0.37   32.9   24.3   28.4   29.8   21.4   28.4   29.8   38.0  394.1   0.00   0.00 -99.00 2012219
 2012 220    68    0.0   12.0   12.8   22.2   44.4   0.20   34.0   25.4   29.5   30.9   22.0   29.5   30.9   53.0  394.1   0.00   0.00 -99.00 2012220
 2012 221    69   13.0   12.0   12.8   14.3   28.6   0.49   29.7   20.5   24.9   26.4   17.6   24.9   26.4   60.0  394.1   0.00   0.00 -99.00 2012221
 2012 222    70   18.0   12.0   12.8   25.0   50.0   0.10   33.8   23.0   28.2   29.9   20.1   28.2   29.9   49.0  394.1   0.00   0.00 -99.00 2012222
 2012 223    71    0.0   12.0   12.8   16.8   33.6   0.40   32.2   23.7   27.8   29.1   21.5   27.8   29.1   52.0  394.1   0.00   0.00 -99.00 2012223
 2012 224    72    0.0   12.0   12.8   19.7   39.4   0.30   34.7   24.5   29.4   31.0   21.3   29.4   31.0   29.0  394.1   0.00   0.00 -99.00 2012224
 2012 225    73   16.0   12.0   12.8   16.8   33.6   0.40   33.1   25.6   29.2   30.4   22.8   29.2   30.4   42.0  394.1   0.00   0.00 -99.00 2012225
 2012 226    74    0.0   12.0   12.8   13.4   26.8   0.52   30.6   22.8   26.5   27.8   20.9   26.5   27.8   36.0  394.1   0.00   0.00 -99.00 2012226
 2012 227    75    0.0   12.0   12.8   20.6   41.2   0.27   32.3   22.9   27.4   28.9   19.8   27.4   28.9   42.0  394.1   0.00   0.00 -99.00 2012227
 2012 228    76    0.0   12.0   12.8   20.9   41.8   0.26   32.6   23.5   27.9   29.3   20.3   27.9   29.3   56.0  394.3   0.00   0.00 -99.00 2012228
 2012 229    77    2.0   12.0   12.8   12.0   24.0   0.57   31.9   24.1   27.8   29.1   22.2   27.8   29.1   42.0  394.3   0.00   0.00 -99.00 2012229
 2012 230    78    0.0   12.0   12.8   10.3   20.6   0.64   29.3   22.5   25.8   26.9   20.4   25.8   26.9   46.0  394.3   0.00   0.00 -99.00 2012230
 2012 231    79   28.0   12.0   12.8   22.6   45.2   0.20   33.4   23.2   28.1   29.7   20.4   28.1   29.7   40.0  394.3   0.00   0.00 -99.00 2012231
 2012 232    80    0.0   12.0   12.8   19.5   39.0   0.31   33.4   23.0   28.0   29.7   20.7   28.0   29.7   26.0  394.3   0.00   0.00 -99.00 2012232
 2012 233    81    0.0   12.0   12.8   22.9   45.8   0.19   35.4   23.5   29.2   31.1   20.4   29.2   31.1   24.0  394.3   0.00   0.00 -99.00 2012233
 2012 234    82    0.0   12.0   12.8   18.2   36.4   0.36   36.2   24.8   30.3   32.1   21.9   30.3   32.1   29.0  394.3   0.00   0.00 -99.00 2012234
 2012 235    83   15.0   12.0   12.8   18.7   37.4   0.34   32.4   23.3   27.7   29.1   20.3   27.7   29.1   47.0  394.3   0.00   0.00 -99.00 2012235
 2012 236    84    0.0   12.0   12.8   20.1   40.2   0.29   33.4   22.6   27.8   29.5   20.3   27.8   29.5   55.0  394.3   0.00   0.00 -99.00 2012236
 2012 237    85    4.0   12.0   12.8   22.9   45.8   0.20   34.9   23.8   29.1   30.9   21.4   29.1   30.9   33.0  394.3   0.00   0.00 -99.00 2012237
 2012 238    86    0.0   12.0   12.8   22.4   44.8   0.21   35.8   24.5   29.9   31.7   21.6   29.9   31.7   30.0  394.3   0.00   0.00 -99.00 2012238
 2012 239    87   34.0   12.0   12.8    8.7   17.4   0.70   33.6   20.8   26.9   29.0   20.0   26.9   29.0   44.0  394.3   0.00   0.00 -99.00 2012239
 2012 240    88    0.0   12.0   12.8   20.0   40.0   0.30   32.1   21.3   26.5   28.2   19.2   26.5   28.2   21.0  394.3   0.00   0.00 -99.00 2012240
 2012 241    89   26.0   12.0   12.8   19.6   39.2   0.32   34.1   23.2   28.4   30.2   21.0   28.4   30.2   17.0  394.3   0.00   0.00 -99.00 2012241
 2012 242    90    0.0   12.0   12.8   21.9   43.8   0.24   34.6   24.4   29.3   30.9   22.0   29.3   30.9   42.0  394.3   0.00   0.00 -99.00 2012242
 2012 243    91   25.0   12.0   12.8    9.5   19.0   0.67   30.9   21.3   25.9   27.5   20.7   25.9   27.5   72.0  394.3   0.00   0.00 -99.00 2012243
 2012 244    92    0.0   12.0   12.8   20.7   41.4   0.28   32.0   21.3   26.4   28.2   19.4   26.4   28.2   31.0  394.3   0.00   0.00 -99.00 2012244
 2012 245    93    0.0   12.0   12.8   20.3   40.6   0.29   33.9   24.1   28.8   30.4   22.1   28.8   30.4   37.0  394.3   0.00   0.00 -99.00 2012245
 2012 246    94   10.0   12.0   12.8    7.4   14.8   0.74   28.2   20.9   24.4   25.6   20.0   24.4   25.6   30.0  394.3   0.00   0.00 -99.00 2012246
 2012 247    95    0.5   12.0   12.8   13.7   27.4   0.52   31.9   22.6   27.0   28.6   21.2   27.0   28.6   32.0  394.3   0.00   0.00 -99.00 2012247
 2012 248    96    0.0   12.0   12.8   22.5   45.0   0.22   34.1   22.8   28.2   30.0   20.7   28.2   30.0   31.0  394.3   0.00   0.00 -99.00 2012248
 2012 249    97    0.0   12.0   12.8   15.9   31.8   0.45   33.2   24.7   28.8   30.1   22.7   28.8   30.1   69.0  394.3   0.00   0.00 -99.00 2012249
 2012 250    98    0.0   12.0   12.8   19.8   39.6   0.31   34.1   22.7   28.2   30.0   20.0   28.2   30.0   29.0  394.3   0.00   0.00 -99.00 2012250
 2012 251    99    0.0   12.0   12.8   24.9   49.8   0.14   34.0   23.1   28.3   30.1   20.1   28.3   30.1   43.0  394.3   0.00   0.00 -99.00 2012251
 2012 252   100    0.5   12.0   12.8    9.9   19.8   0.66   31.9   23.0   27.3   28.7   21.9   27.3   28.7   29.0  394.3   0.00   0.00 -99.00 2012252
 2012 253   101    0.0   12.0   12.8   22.2   44.4   0.23   35.0   22.1   28.3   30.4   19.5   28.3   30.4   32.0  394.3   0.00   0.00 -99.00 2012253
 2012 254   102    0.0   12.0   12.8   22.8   45.6   0.21   35.2   22.6   28.6   30.7   20.1   28.6   30.7   40.0  394.3   0.00   0.00 -99.00 2012254
 2012 255   103   65.0   12.0   12.8   20.5   41.0   0.29   34.5   21.1   27.5   29.7   19.3   27.5   29.7   30.0  394.3   0.00   0.00 -99.00 2012255
 2012 256   104    0.0   12.0   12.8   23.3   46.6   0.19   33.4   22.3   27.6   29.4   20.0   27.6   29.4   24.0  394.3   0.00   0.00 -99.00 2012256
 2012 257   105    0.5   12.0   12.8   19.1   38.2   0.34   34.7   25.2   29.7   31.3   23.1   29.7   31.3   37.0  394.3   0.00   0.00 -99.00 2012257
 2012 258   106    4.0   12.0   12.8   20.4   40.8   0.30   34.2   21.8   27.7   29.7   20.0   27.7   29.7   55.0  394.3   0.00   0.00 -99.00 2012258
 2012 259   107   13.0   12.0   12.8   19.3   38.6   0.33   34.3   22.6   28.2   30.1   20.2   28.2   30.1   18.0  394.5   0.00   0.00 -99.00 2012259
 2012 260   108   13.0   12.0   12.8   10.9   21.8   0.62   31.2   22.5   26.7   28.1   21.6   26.7   28.1   18.0  394.5   0.00   0.00 -99.00 2012260
 2012 261   109    4.0   12.0   12.8   21.5   43.0   0.26   34.1   21.5   27.5   29.6   19.6   27.5   29.6   25.0  394.5   0.00   0.00 -99.00 2012261
 2012 262   110    0.0   12.0   12.8   17.6   35.2   0.39   30.8   21.5   25.9   27.5   20.2   25.9   27.5   57.0  394.5   0.00   0.00 -99.00 2012262
 2012 263   111    0.0   12.0   12.8   22.7   45.4   0.22   34.7   21.7   27.9   30.0   19.5   27.9   30.0   22.0  394.5   0.00   0.00 -99.00 2012263
 2012 264   112    0.0   12.0   12.8   24.0   48.0   0.17   35.6   23.8   29.4   31.4   21.3   29.4   31.4   18.0  394.5   0.00   0.00 -99.00 2012264
 2012 265   113   32.0   12.0   12.8    6.0   12.0   0.79   28.5   21.1   24.6   25.8   20.5   24.6   25.8   50.0  394.5   0.00   0.00 -99.00 2012265
 2012 266   114    0.0   12.0   12.8   21.2   42.4   0.27   34.1   22.7   28.2   30.0   20.9   28.2   30.0   30.0  394.5   0.00   0.00 -99.00 2012266
 2012 267   115    0.0   12.0   12.8   22.9   45.8   0.21   35.1   23.8   29.2   31.0   21.5   29.2   31.0   25.0  394.5   0.00   0.00 -99.00 2012267
 2012 268   116    0.0   12.0   12.8   19.4   38.8   0.33   35.2   24.6   29.7   31.4   23.0   29.7   31.4   36.0  394.5   0.00   0.00 -99.00 2012268
 2012 269   117    8.0   12.0   12.8   20.3   40.6   0.30   35.7   23.7   29.4   31.4   22.1   29.4   31.4   31.0  394.5   0.00   0.00 -99.00 2012269
 2012 270   118    0.0   12.0   12.8   23.6   47.2   0.18   35.0   22.2   28.3   30.4   20.0   28.3   30.4   36.0  394.5   0.00   0.00 -99.00 2012270
 2012 271   119    0.0   12.0   12.8   21.9   43.8   0.24   33.7   23.8   28.5   30.1   21.5   28.5   30.1   43.0  394.5   0.00   0.00 -99.00 2012271
 2012 272   120    0.0   12.0   12.8   20.0   40.0   0.31   35.5   24.9   30.0   31.7   22.9   30.0   31.7   18.0  394.5   0.00   0.00 -99.00 2012272
 2012 273   121   15.0   12.0   12.8   21.4   42.8   0.26   34.2   25.1   29.5   30.9   23.2   29.5   30.9   57.0  394.5   0.00   0.00 -99.00 2012273
 2012 274   122    0.0   12.0   12.8   14.5   29.0   0.50   32.3   20.7   26.2   28.1   19.2   26.2   28.1   49.0  394.5   0.00   0.00 -99.00 2012274
 2012 275   123    0.0   12.0   12.8   14.7   29.4   0.49   35.2   23.5   29.1   31.0   21.9   29.1   31.0   22.0  394.5   0.00   0.00 -99.00 2012275
 2012 276   124    0.0   12.0   12.8   18.2   36.4   0.37   34.1   23.9   28.8   30.4   22.5   28.8   30.4   27.0  394.5   0.00   0.00 -99.00 2012276
 2012 277   125    0.0   12.0   12.8   15.7   31.4   0.46   34.2   23.7   28.7   30.4   21.9   28.7   30.4   16.0  394.5   0.00   0.00 -99.00 2012277
 2012 278   126    0.0   12.0   12.8   23.1   46.2   0.20   37.0   22.5   29.4   31.8   19.9   29.4   31.8   14.0  394.5   0.00   0.00 -99.00 2012278
 2012 279   127    0.0   12.0   12.8   20.7   41.4   0.28   36.5   24.3   30.1   32.1   22.0   30.1   32.1   34.0  394.5   0.00   0.00 -99.00 2012279
 2012 280   128    0.0   12.0   12.8   13.8   27.6   0.52   34.2   23.8   28.8   30.5   21.7   28.8   30.5   18.0  394.5   0.00   0.00 -99.00 2012280
 2012 281   129    0.0   12.0   12.8   22.3   44.6   0.22   35.7   22.7   28.9   31.0   20.1   28.9   31.0   21.0  394.5   0.00   0.00 -99.00 2012281
 2012 282   130    0.0   12.0   12.8   21.8   43.6   0.24   39.6   24.3   31.6   34.1   21.3   31.6   34.1   19.0  394.5   0.00   0.00 -99.00 2012282
 2012 283   131    0.0   12.0   12.8   21.4   42.8   0.25   37.0   23.8   30.1   32.3   20.9   30.1   32.3   26.0  394.5   0.00   0.00 -99.00 2012283
 2012 284   132    0.0   12.0   12.8   21.3   42.6   0.26   37.2   24.3   30.5   32.6   21.5   30.5   32.6   25.0  394.5   0.00   0.00 -99.00 2012284
 2012 285   133    0.0   12.0   12.8   19.0   38.0   0.34   35.3   24.3   29.6   31.4   22.0   29.6   31.4   48.0  394.5   0.00   0.00 -99.00 2012285
 2012 286   134    0.0   12.0   12.8   21.4   42.8   0.25   37.4   24.2   30.5   32.7   21.4   30.5   32.7   33.0  394.5   0.00   0.00 -99.00 2012286
 2012 287   135    0.0   12.0   12.8   20.7   41.4   0.28   37.7   24.4   30.8   32.9   21.0   30.8   32.9   27.0  394.5   0.00   0.00 -99.00 2012287
 2012 288   136    0.0   12.0   12.8   22.4   44.8   0.22   37.3   22.3   29.5   31.9   18.9   29.5   31.9   25.0  394.5   0.00   0.00 -99.00 2012288
 2012 289   137    0.0   12.0   12.8   20.4   40.8   0.29   39.1   24.5   31.5   33.9   21.0   31.5   33.9   39.0  394.8   0.00   0.00 -99.00 2012289
 2012 290   138    0.0   12.0   12.8   21.8   43.6   0.24   39.4   21.5   30.1   33.0   18.0   30.1   33.0   26.0  394.8   0.00   0.00 -99.00 2012290
 2012 291   139    0.0   12.0   12.8   21.9   43.8   0.23   36.6   22.9   29.5   31.7   20.0   29.5   31.7   28.0  394.8   0.00   0.00 -99.00 2012291
 2012 292   140    0.0   12.0   12.8   20.3   40.6   0.29   36.9   23.8   30.1   32.2   19.9   30.1   32.2   40.0  394.8   0.00   0.00 -99.00 2012292
 2012 293   141   30.0   12.0   12.8   20.0   40.0   0.30   37.1   18.7   27.5   30.5   15.8   27.5   30.5   39.0  394.8   0.00   0.00 -99.00 2012293
 2012 294   142    0.0   12.0   12.8   22.1   44.2   0.22   37.7   22.3   29.7   32.2   18.9   29.7   32.2   27.0  394.8   0.00   0.00 -99.00 2012294
 2012 295   143    0.0   12.0   12.8   17.2   34.4   0.39   37.2   22.8   29.7   32.0   19.2   29.7   32.0   12.0  394.8   0.00   0.00 -99.00 2012295
 2012 296   144    0.0   12.0   12.8   20.2   40.4   0.29   36.5   26.1   31.1   32.8   22.9   31.1   32.8   36.0  394.8   0.00   0.00 -99.00 2012296
 2012 297   145    0.0   12.0   12.8   21.4   42.8   0.24   38.1   23.4   30.4   32.8   19.9   30.4   32.8   25.0  394.8   0.00   0.00 -99.00 2012297
 2012 298   146    0.0   12.0   12.8   19.5   39.0   0.31   37.5   22.7   29.8   32.2   19.0   29.8   32.2   20.0  394.8   0.00   0.00 -99.00 2012298
 2012 299   147    0.0   12.0   12.8   20.2   40.4   0.28   39.1   22.6   30.5   33.2   17.9   30.5   33.2   17.0  394.8   0.00   0.00 -99.00 2012299
 2012 300   148    0.0   12.0   12.8   18.5   37.0   0.34   38.2   24.5   31.1   33.3   19.7   31.1   33.3   21.0  394.8   0.00   0.00 -99.00 2012300
 2012 301   149    0.0   12.0   12.8   19.8   39.6   0.30   39.3   23.0   30.8   33.4   17.3   30.8   33.4   18.0  394.8   0.00   0.00 -99.00 2012301
 2012 302   150    0.0   12.0   12.8   15.0   30.0   0.47   33.3   24.4   28.7   30.1   20.1   28.7   30.1   45.0  394.8   0.00   0.00 -99.00 2012302
 2012 303   151    0.0   12.0   12.8   20.1   40.2   0.28   37.4   21.6   29.2   31.7   17.0   29.2   31.7   23.0  394.8   0.00   0.00 -99.00 2012303
 2012 304   152    0.0   12.0   12.8   20.5   41.0   0.27   38.5   21.1   29.4   32.3   14.6   29.4   32.3   25.0  394.8   0.00   0.00 -99.00 2012304
 2012 305   153    0.0   12.0   12.8   20.9   41.8   0.25   39.9   21.2   30.1   33.2   14.1   30.1   33.2   27.0  394.8   0.00   0.00 -99.00 2012305
 2012 306   154    0.0   12.0   12.8   20.1   40.2   0.28   37.8   21.2   29.1   31.8   15.6   29.1   31.8   23.0  394.8   0.00   0.00 -99.00 2012306
 2012 307   155    0.0   12.0   12.8   19.8   39.6   0.29   37.6   20.5   28.7   31.5   15.6   28.7   31.5   25.0  394.8   0.00   0.00 -99.00 2012307
 2012 308   156    0.0   12.0   12.8   19.0   38.0   0.32   38.3   21.8   29.7   32.4   16.1   29.7   32.4   38.0  394.8   0.00   0.00 -99.00 2012308
 2012 309   157    0.0   12.0   12.8   20.6   41.2   0.26   39.3   21.8   30.2   33.0   14.1   30.2   33.0   28.0  394.8   0.00   0.00 -99.00 2012309
 2012 310   158    0.0   12.0   12.8   20.2   40.4   0.27   40.1   19.6   29.4   32.7   12.6   29.4   32.7   31.0  394.8   0.00   0.00 -99.00 2012310
 2012 311   159    0.0   12.0   12.8   19.1   38.2   0.31   39.9   19.8   29.4   32.7   12.8   29.4   32.7   33.0  394.8   0.00   0.00 -99.00 2012311
 2012 312   160    0.0   12.0   12.8   17.6   35.2   0.36   39.5   22.8   30.8   33.5   13.4   30.8   33.5   43.0  394.8   0.00   0.00 -99.00 2012312
 2012 313   161    0.0   12.0   12.8   18.0   36.0   0.35   40.6   17.8   28.7   32.4    6.7   28.7   32.4   30.0  394.8   0.00   0.00 -99.00 2012313
 2012 314   162    0.0   12.0   12.8   20.6   41.2   0.25   39.6   15.0   26.8   30.8    4.2   26.8   30.8   25.0  394.8   0.00   0.00 -99.00 2012314
 2012 315   163    0.0   12.0   12.8   21.6   43.2   0.22   39.5   13.1   25.7   30.0    1.8   25.7   30.0   29.0  394.8   0.00   0.00 -99.00 2012315
 2012 316   164    0.0   12.0   12.8   20.3   40.6   0.26   39.4   13.8   26.0   30.2    2.7   26.0   30.2   33.0  394.8   0.00   0.00 -99.00 2012316
 2012 317   165    0.0   12.0   12.8   19.8   39.6   0.28   40.7   15.5   27.5   31.7    4.1   27.5   31.7   44.0  394.8   0.00   0.00 -99.00 2012317
 2012 318   166    0.0   12.0   12.8   18.9   37.8   0.31   39.9   17.1   28.0   31.7    5.7   28.0   31.7   46.0  394.8   0.00   0.00 -99.00 2012318
 2012 319   167    0.0   12.0   12.8   19.5   39.0   0.29   41.8   16.1   28.4   32.6    5.8   28.4   32.6   37.0  394.8   0.00   0.00 -99.00 2012319
 2012 320   168    0.0   12.0   12.8   13.4   26.8   0.51   39.8   16.8   27.8   31.5    8.0   27.8   31.5   14.0  395.0   0.00   0.00 -99.00 2012320
 2012 321   169    0.0   12.0   12.8   17.0   34.0   0.38   39.6   16.6   27.6   31.3    8.2   27.6   31.3   18.0  395.0   0.00   0.00 -99.00 2012321
 2012 322   170    0.0   12.0   12.8   19.3   38.6   0.29   39.3   16.2   27.2   31.0    7.7   27.2   31.0   22.0  395.0   0.00   0.00 -99.00 2012322
 2012 323   171    0.0   12.0   12.9   17.9   35.8   0.34   38.2   19.3   28.3   31.4    9.3   28.3   31.4   25.0  395.0   0.00   0.00 -99.00 2012323
 2012 324   172    0.0   12.0   12.9   11.1   22.2   0.59   35.6   21.2   28.1   30.4    9.9   28.1   30.4   15.0  395.0   0.00   0.00 -99.00 2012324
 2012 325   173    0.0   12.0   12.9   15.5   31.0   0.43   35.8   20.3   27.7   30.2   10.7   27.7   30.2   21.0  395.0   0.00   0.00 -99.00 2012325
 2012 326   174    0.0   12.0   12.9   16.8   33.6   0.38   36.9   20.1   28.1   30.9   10.2   28.1   30.9   31.0  395.0   0.00   0.00 -99.00 2012326
 2012 327   175    0.0   12.0   12.9   16.6   33.2   0.39   38.1   20.8   29.1   31.9    9.5   29.1   31.9   40.0  395.0   0.00   0.00 -99.00 2012327
 2012 328   176    0.0   12.0   12.9   13.9   27.8   0.49   37.6   21.5   29.2   31.8    8.9   29.2   31.8   33.0  395.0   0.00   0.00 -99.00 2012328
 2012 329   177    0.0   12.0   12.9   16.0   32.0   0.41   40.2   20.1   29.7   33.0    5.4   29.7   33.0   34.0  395.0   0.00   0.00 -99.00 2012329
 2012 330   178    0.0   12.0   12.9   19.2   38.4   0.29   39.9   17.0   27.9   31.7    5.0   27.9   31.7   41.0  395.0   0.00   0.00 -99.00 2012330
 2012 331   179    0.0   12.0   12.9   19.4   38.8   0.28   39.5   18.5   28.5   32.0    3.4   28.5   32.0   30.0  395.0   0.00   0.00 -99.00 2012331
 2012 332   180    0.0   12.0   12.9   15.3   30.6   0.43   37.4   19.0   27.8   30.8    5.3   27.8   30.8   23.0  395.0   0.00   0.00 -99.00 2012332
 2012 333   181    0.0   12.0   12.9   14.2   28.4   0.47   34.6   15.9   24.8   27.9    6.1   24.8   27.9   35.0  395.0   0.00   0.00 -99.00 2012333
